Using pre-set license
Built from '2022.3/china_unity/release' branch; Version is '2022.3.14f1c1 (25540d4d24fc) revision 2446349'; Using compiler version '192829333'; Build Type 'Release'
OS: 'Windows 10  (10.0.19045) 64bit Professional' Language: 'zh' Physical Memory: 16223 MB
BatchMode: 1, IsHumanControllingUs: 0, StartBugReporterOnCrash: 0, Is64bit: 1, IsPro: 1

COMMAND LINE ARGUMENTS:
C:\Program Files\Unity\Hub\Editor\2022.3.14f1c1\Editor\Unity.exe
-adb2
-batchMode
-noUpm
-name
AssetImportWorker3
-projectPath
E:/2.5D_Platformer_Unity_URP/Project
-logFile
Logs/AssetImportWorker3.log
-srvPort
60619
Successfully changed project path to: E:/2.5D_Platformer_Unity_URP/Project
E:/2.5D_Platformer_Unity_URP/Project
[UnityMemory] Configuration Parameters - Can be set up in boot.config
    "memorysetup-bucket-allocator-granularity=16"
    "memorysetup-bucket-allocator-bucket-count=8"
    "memorysetup-bucket-allocator-block-size=33554432"
    "memorysetup-bucket-allocator-block-count=8"
    "memorysetup-main-allocator-block-size=16777216"
    "memorysetup-thread-allocator-block-size=16777216"
    "memorysetup-gfx-main-allocator-block-size=16777216"
    "memorysetup-gfx-thread-allocator-block-size=16777216"
    "memorysetup-cache-allocator-block-size=4194304"
    "memorysetup-typetree-allocator-block-size=2097152"
    "memorysetup-profiler-bucket-allocator-granularity=16"
    "memorysetup-profiler-bucket-allocator-bucket-count=8"
    "memorysetup-profiler-bucket-allocator-block-size=33554432"
    "memorysetup-profiler-bucket-allocator-block-count=8"
    "memorysetup-profiler-allocator-block-size=16777216"
    "memorysetup-profiler-editor-allocator-block-size=1048576"
    "memorysetup-temp-allocator-size-main=16777216"
    "memorysetup-job-temp-allocator-block-size=2097152"
    "memorysetup-job-temp-allocator-block-size-background=1048576"
    "memorysetup-job-temp-allocator-reduction-small-platforms=262144"
    "memorysetup-allocator-temp-initial-block-size-main=262144"
    "memorysetup-allocator-temp-initial-block-size-worker=262144"
    "memorysetup-temp-allocator-size-background-worker=32768"
    "memorysetup-temp-allocator-size-job-worker=262144"
    "memorysetup-temp-allocator-size-preload-manager=33554432"
    "memorysetup-temp-allocator-size-nav-mesh-worker=65536"
    "memorysetup-temp-allocator-size-audio-worker=65536"
    "memorysetup-temp-allocator-size-cloud-worker=32768"
    "memorysetup-temp-allocator-size-gi-baking-worker=262144"
    "memorysetup-temp-allocator-size-gfx=262144"
Player connection [15968] Host "[IP] 192.168.110.32 [Port] 0 [Flags] 2 [Guid] 467470576 [EditorId] 467470576 [Version] 1048832 [Id] WindowsEditor(7,DESKTOP-55U0084) [Debug] 1 [PackageName] WindowsEditor [ProjectName] Editor" joined multi-casting on [225.0.0.222:54997]...

Player connection [15968] Host "[IP] 192.168.110.32 [Port] 0 [Flags] 2 [Guid] 467470576 [EditorId] 467470576 [Version] 1048832 [Id] WindowsEditor(7,DESKTOP-55U0084) [Debug] 1 [PackageName] WindowsEditor [ProjectName] Editor" joined alternative multi-casting on [225.0.0.222:34997]...

[Physics::Module] Initialized MultithreadedJobDispatcher with 11 workers.
Refreshing native plugins compatible for Editor in 29.83 ms, found 3 plugins.
Preloading 0 native plugins for Editor in 0.00 ms.
Initialize engine version: 2022.3.14f1c1 (25540d4d24fc)
[Subsystems] Discovering subsystems at path C:/Program Files/Unity/Hub/Editor/2022.3.14f1c1/Editor/Data/Resources/UnitySubsystems
[Subsystems] Discovering subsystems at path E:/2.5D_Platformer_Unity_URP/Project/Assets
GfxDevice: creating device client; threaded=0; jobified=0
Direct3D:
    Version:  Direct3D 11.0 [level 11.1]
    Renderer: NVIDIA GeForce GTX 1650 (ID=0x1f0a)
    Vendor:   NVIDIA
    VRAM:     3948 MB
    Driver:   31.0.15.3640
Initialize mono
Mono path[0] = 'C:/Program Files/Unity/Hub/Editor/2022.3.14f1c1/Editor/Data/Managed'
Mono path[1] = 'C:/Program Files/Unity/Hub/Editor/2022.3.14f1c1/Editor/Data/MonoBleedingEdge/lib/mono/unityjit-win32'
Mono config path = 'C:/Program Files/Unity/Hub/Editor/2022.3.14f1c1/Editor/Data/MonoBleedingEdge/etc'
Using monoOptions --debugger-agent=transport=dt_socket,embedding=1,server=y,suspend=n,address=127.0.0.1:56108
Begin MonoManager ReloadAssembly
Registering precompiled unity dll's ...
Register platform support module: C:/Program Files/Unity/Hub/Editor/2022.3.14f1c1/Editor/Data/PlaybackEngines/WindowsStandaloneSupport/UnityEditor.WindowsStandalone.Extensions.dll
Registered in 0.007398 seconds.
- Loaded All Assemblies, in  0.261 seconds
Native extension for WindowsStandalone target not found
Mono: successfully reloaded assembly
- Finished resetting the current domain, in  0.204 seconds
Domain Reload Profiling: 462ms
	BeginReloadAssembly (82ms)
		ExecutionOrderSort (0ms)
		DisableScriptedObjects (0ms)
		BackupInstance (0ms)
		ReleaseScriptingObjects (0ms)
		CreateAndSetChildDomain (1ms)
	RebuildCommonClasses (25ms)
	RebuildNativeTypeToScriptingClass (8ms)
	initialDomainReloadingComplete (48ms)
	LoadAllAssembliesAndSetupDomain (96ms)
		LoadAssemblies (79ms)
		RebuildTransferFunctionScriptingTraits (0ms)
		AnalyzeDomain (94ms)
			TypeCache.Refresh (93ms)
				TypeCache.ScanAssembly (83ms)
			ScanForSourceGeneratedMonoScriptInfo (0ms)
			ResolveRequiredComponents (1ms)
	FinalizeReload (204ms)
		ReleaseScriptCaches (0ms)
		RebuildScriptCaches (0ms)
		SetupLoadedEditorAssemblies (158ms)
			LogAssemblyErrors (0ms)
			InitializePlatformSupportModulesInManaged (8ms)
			SetLoadedEditorAssemblies (6ms)
			RefreshPlugins (0ms)
			BeforeProcessingInitializeOnLoad (2ms)
			ProcessInitializeOnLoadAttributes (97ms)
			ProcessInitializeOnLoadMethodAttributes (45ms)
			AfterProcessingInitializeOnLoad (0ms)
			EditorAssembliesLoaded (0ms)
		ExecutionOrderSort2 (0ms)
		AwakeInstancesAfterBackupRestoration (0ms)
========================================================================
Worker process is ready to serve import requests
Begin MonoManager ReloadAssembly
- Loaded All Assemblies, in  0.474 seconds
Refreshing native plugins compatible for Editor in 1.87 ms, found 3 plugins.
Native extension for WindowsStandalone target not found
Package Manager log level set to [2]
[Package Manager] Server::EnsureServerProcessIsRunning -- launch failed, reason: Unity was launched with the -noUpm command-line argument
[Package Manager] UpmClient::Send -- Unable to send message (not connected to UPM process).
[Package Manager] Cannot connect to Unity Package Manager local server
Mono: successfully reloaded assembly
- Finished resetting the current domain, in  0.609 seconds
Domain Reload Profiling: 1081ms
	BeginReloadAssembly (109ms)
		ExecutionOrderSort (0ms)
		DisableScriptedObjects (4ms)
		BackupInstance (0ms)
		ReleaseScriptingObjects (0ms)
		CreateAndSetChildDomain (15ms)
	RebuildCommonClasses (28ms)
	RebuildNativeTypeToScriptingClass (7ms)
	initialDomainReloadingComplete (32ms)
	LoadAllAssembliesAndSetupDomain (295ms)
		LoadAssemblies (231ms)
		RebuildTransferFunctionScriptingTraits (0ms)
		AnalyzeDomain (128ms)
			TypeCache.Refresh (113ms)
				TypeCache.ScanAssembly (101ms)
			ScanForSourceGeneratedMonoScriptInfo (11ms)
			ResolveRequiredComponents (3ms)
	FinalizeReload (610ms)
		ReleaseScriptCaches (0ms)
		RebuildScriptCaches (0ms)
		SetupLoadedEditorAssemblies (504ms)
			LogAssemblyErrors (0ms)
			InitializePlatformSupportModulesInManaged (5ms)
			SetLoadedEditorAssemblies (3ms)
			RefreshPlugins (0ms)
			BeforeProcessingInitializeOnLoad (67ms)
			ProcessInitializeOnLoadAttributes (406ms)
			ProcessInitializeOnLoadMethodAttributes (16ms)
			AfterProcessingInitializeOnLoad (7ms)
			EditorAssembliesLoaded (0ms)
		ExecutionOrderSort2 (0ms)
		AwakeInstancesAfterBackupRestoration (5ms)
Launched and connected shader compiler UnityShaderCompiler.exe after 0.07 seconds
Refreshing native plugins compatible for Editor in 2.80 ms, found 3 plugins.
Preloading 0 native plugins for Editor in 0.00 ms.
Unloading 3094 Unused Serialized files (Serialized files now loaded: 0)
Unloading 32 unused Assets / (57.2 KB). Loaded Objects now: 3558.
Memory consumption went from 122.8 MB to 122.7 MB.
Total: 2.394500 ms (FindLiveObjects: 0.150700 ms CreateObjectMapping: 0.062800 ms MarkObjects: 2.103700 ms  DeleteObjects: 0.076500 ms)

AssetImportParameters requested are different than current active one (requested -> active):
  custom:container-demuxer-ogg: 62fdf1f143b41e24485cea50d1cbac27 -> 
  custom:scripting/monoscript/fileName/MoveRight.cs: f6e84071088b0417953b0958a7effa33 -> d8e60f623442fa6de6337525afae0ca1
  custom:video-decoder-ogg-theora: a1e56fd34408186e4bbccfd4996cb3dc -> 
  custom:framework-win-MediaFoundation: 216162199b28c13a410421893ffa2e32 -> 
  custom:scripting/monoscript/fileName/VirtualInputManager.cs: c4a6378bfd2699e7bc6bf21bb0f8eae3 -> af23d530dfa650788403bf9b049414cc
  custom:scripting/monoscript/fileName/CharacterState.cs: 5dc8a39be057b3328dc4efcdf4b5a7b0 -> e81703a4faa26deb5e25162e998069ad
  custom:CustomObjectIndexerAttribute: 756ad292c208cfabdd7b50bc23989ffe -> 
  custom:container-demuxer-webm: 4f35f7cbe854078d1ac9338744f61a02 -> 
  custom:scripting/monoscript/fileName/CharacterControl.cs: d7a2715e04009e7c7ce0a0fd97b294e3 -> e8edf15d00bc51525ca2672995906167
  custom:scripting/monoscript/fileName/AbstractTargetFollower.cs: bd8be3102d90dc7625e90c699b9ce143 -> 
  custom:scripting/monoscript/fileName/Idle.cs: af94afd1a1ec0acff722743efcdd7325 -> 4b56e492a1e7729cd14a71d594c51707
  custom:scripting/monoscript/fileName/PivotBasedCameraRig.cs: 78e2e6573322fcc55af450266306de6e -> 
  custom:scripting/monoscript/fileName/PlayerWalk.cs: b9cc9630b9810c0c2d0f53621f67c56c -> 
  custom:scripting/monoscript/fileName/Singleton.cs: f32b12f6c214325c9f62f222fc232e32 -> 8f6297df34271fdb1ce2d9607ec6261d
  custom:container-muxer-webm: aa71ff27fc2769a1b78a27578f13a17b -> 
  custom:video-decoder-webm-vp8: 9c59270c3fd7afecdb556c50c9e8de78 -> 
  custom:SearchIndexIgnoredProperties: e643bd26f0fe6173181afceb89e7c659 -> 
  custom:AudioImporter_EditorPlatform: d09bf68614088b80899f8185d706f6e7 -> 
  custom:scripting/monoscript/fileName/MaterialChanger.cs: 8dce07ae06c538426f4b6b1521a89d9d -> 81390f2f2866331b60e8e7f732ed1031
  custom:scripting/monoscript/fileName/SelfRotation.cs: 7e246db65b3b22dac5677a97904cfe89 -> 
  custom:scripting/monoscript/fileName/CharacterStateBase.cs: a4ba57f9a2d3539ceb2ced57666756ac -> 
  custom:video-encoder-webm-vp8: eb34c28f22e8b96e1ab97ce403110664 -> 
  custom:audio-decoder-ogg-vorbis: bf7c407c2cedff20999df2af8eb42d56 -> 
  custom:scripting/monoscript/fileName/FreeLookCam.cs: ec7e447c8320099965c5f3bd81473d66 -> 
  custom:audio-encoder-webm-vorbis: bf7c407c2cedff20999df2af8eb42d56 -> 
  custom:scripting/monoscript/fileName/PlayerIdle.cs: b24acd4ccb5af2a3fb48ca79787315d7 -> 
  custom:scripting/monoscript/fileName/KeyboardInput.cs: 31b704f64193ac2ac27029ec86d2828a -> fa29d73f067296a3b0d254469704d409
  custom:scripting/monoscript/fileName/StateData.cs: f28d52e0a3b9e5f58aa5b7522e14ca67 -> 3e45d22f7cc0ffbf831c0184ec5cf59d
  custom:scripting/monoscript/fileName/CharacterController.cs: bf100989c5de46a8744b03912941ee5e -> 
========================================================================
Received Prepare
Begin MonoManager ReloadAssembly
- Loaded All Assemblies, in  0.378 seconds
Refreshing native plugins compatible for Editor in 1.96 ms, found 3 plugins.
Native extension for WindowsStandalone target not found
[Package Manager] Server::EnsureServerProcessIsRunning -- launch failed, reason: Unity was launched with the -noUpm command-line argument
[Package Manager] UpmClient::Send -- Unable to send message (not connected to UPM process).
[Package Manager] Cannot connect to Unity Package Manager local server
Mono: successfully reloaded assembly
- Finished resetting the current domain, in  0.791 seconds
Domain Reload Profiling: 1167ms
	BeginReloadAssembly (142ms)
		ExecutionOrderSort (0ms)
		DisableScriptedObjects (6ms)
		BackupInstance (0ms)
		ReleaseScriptingObjects (0ms)
		CreateAndSetChildDomain (32ms)
	RebuildCommonClasses (27ms)
	RebuildNativeTypeToScriptingClass (8ms)
	initialDomainReloadingComplete (24ms)
	LoadAllAssembliesAndSetupDomain (175ms)
		LoadAssemblies (241ms)
		RebuildTransferFunctionScriptingTraits (0ms)
		AnalyzeDomain (9ms)
			TypeCache.Refresh (5ms)
				TypeCache.ScanAssembly (0ms)
			ScanForSourceGeneratedMonoScriptInfo (0ms)
			ResolveRequiredComponents (3ms)
	FinalizeReload (791ms)
		ReleaseScriptCaches (0ms)
		RebuildScriptCaches (0ms)
		SetupLoadedEditorAssemblies (503ms)
			LogAssemblyErrors (0ms)
			InitializePlatformSupportModulesInManaged (6ms)
			SetLoadedEditorAssemblies (3ms)
			RefreshPlugins (0ms)
			BeforeProcessingInitializeOnLoad (70ms)
			ProcessInitializeOnLoadAttributes (401ms)
			ProcessInitializeOnLoadMethodAttributes (16ms)
			AfterProcessingInitializeOnLoad (7ms)
			EditorAssembliesLoaded (0ms)
		ExecutionOrderSort2 (0ms)
		AwakeInstancesAfterBackupRestoration (5ms)
Refreshing native plugins compatible for Editor in 1.82 ms, found 3 plugins.
Preloading 0 native plugins for Editor in 0.00 ms.
Unloading 3087 Unused Serialized files (Serialized files now loaded: 0)
Unloading 23 unused Assets / (31.0 KB). Loaded Objects now: 3561.
Memory consumption went from 123.8 MB to 123.8 MB.
Total: 2.201300 ms (FindLiveObjects: 0.168500 ms CreateObjectMapping: 0.068500 ms MarkObjects: 1.925700 ms  DeleteObjects: 0.037700 ms)

Prepare: number of updated asset objects reloaded= 0
AssetImportParameters requested are different than current active one (requested -> active):
  custom:container-demuxer-ogg: 62fdf1f143b41e24485cea50d1cbac27 -> 
  custom:scripting/monoscript/fileName/MoveRight.cs: f6e84071088b0417953b0958a7effa33 -> d8e60f623442fa6de6337525afae0ca1
  custom:video-decoder-ogg-theora: a1e56fd34408186e4bbccfd4996cb3dc -> 
  custom:framework-win-MediaFoundation: 216162199b28c13a410421893ffa2e32 -> 
  custom:scripting/monoscript/fileName/VirtualInputManager.cs: c4a6378bfd2699e7bc6bf21bb0f8eae3 -> af23d530dfa650788403bf9b049414cc
  custom:scripting/monoscript/fileName/CharacterState.cs: 5dc8a39be057b3328dc4efcdf4b5a7b0 -> e81703a4faa26deb5e25162e998069ad
  custom:CustomObjectIndexerAttribute: 756ad292c208cfabdd7b50bc23989ffe -> 
  custom:container-demuxer-webm: 4f35f7cbe854078d1ac9338744f61a02 -> 
  custom:scripting/monoscript/fileName/CharacterControl.cs: d7a2715e04009e7c7ce0a0fd97b294e3 -> e8edf15d00bc51525ca2672995906167
  custom:scripting/monoscript/fileName/AbstractTargetFollower.cs: bd8be3102d90dc7625e90c699b9ce143 -> 
  custom:scripting/monoscript/fileName/Idle.cs: af94afd1a1ec0acff722743efcdd7325 -> 4b56e492a1e7729cd14a71d594c51707
  custom:scripting/monoscript/fileName/PivotBasedCameraRig.cs: 78e2e6573322fcc55af450266306de6e -> 
  custom:scripting/monoscript/fileName/PlayerWalk.cs: b9cc9630b9810c0c2d0f53621f67c56c -> 
  custom:scripting/monoscript/fileName/Singleton.cs: f32b12f6c214325c9f62f222fc232e32 -> 8f6297df34271fdb1ce2d9607ec6261d
  custom:container-muxer-webm: aa71ff27fc2769a1b78a27578f13a17b -> 
  custom:video-decoder-webm-vp8: 9c59270c3fd7afecdb556c50c9e8de78 -> 
  custom:SearchIndexIgnoredProperties: e643bd26f0fe6173181afceb89e7c659 -> 
  custom:AudioImporter_EditorPlatform: d09bf68614088b80899f8185d706f6e7 -> 
  custom:scripting/monoscript/fileName/MaterialChanger.cs: 8dce07ae06c538426f4b6b1521a89d9d -> 81390f2f2866331b60e8e7f732ed1031
  custom:scripting/monoscript/fileName/SelfRotation.cs: 7e246db65b3b22dac5677a97904cfe89 -> 
  custom:scripting/monoscript/fileName/CharacterStateBase.cs: a4ba57f9a2d3539ceb2ced57666756ac -> 
  custom:video-encoder-webm-vp8: eb34c28f22e8b96e1ab97ce403110664 -> 
  custom:audio-decoder-ogg-vorbis: bf7c407c2cedff20999df2af8eb42d56 -> 
  custom:scripting/monoscript/fileName/FreeLookCam.cs: ec7e447c8320099965c5f3bd81473d66 -> 
  custom:audio-encoder-webm-vorbis: bf7c407c2cedff20999df2af8eb42d56 -> 
  custom:scripting/monoscript/fileName/PlayerIdle.cs: b24acd4ccb5af2a3fb48ca79787315d7 -> 
  custom:scripting/monoscript/fileName/KeyboardInput.cs: 31b704f64193ac2ac27029ec86d2828a -> fa29d73f067296a3b0d254469704d409
  custom:scripting/monoscript/fileName/StateData.cs: f28d52e0a3b9e5f58aa5b7522e14ca67 -> 3e45d22f7cc0ffbf831c0184ec5cf59d
  custom:scripting/monoscript/fileName/CharacterController.cs: bf100989c5de46a8744b03912941ee5e -> 
========================================================================
Received Prepare
Begin MonoManager ReloadAssembly
- Loaded All Assemblies, in  0.359 seconds
Refreshing native plugins compatible for Editor in 1.73 ms, found 3 plugins.
Native extension for WindowsStandalone target not found
[Package Manager] Server::EnsureServerProcessIsRunning -- launch failed, reason: Unity was launched with the -noUpm command-line argument
[Package Manager] UpmClient::Send -- Unable to send message (not connected to UPM process).
[Package Manager] Cannot connect to Unity Package Manager local server
Mono: successfully reloaded assembly
- Finished resetting the current domain, in  0.763 seconds
Domain Reload Profiling: 1119ms
	BeginReloadAssembly (129ms)
		ExecutionOrderSort (0ms)
		DisableScriptedObjects (5ms)
		BackupInstance (0ms)
		ReleaseScriptingObjects (0ms)
		CreateAndSetChildDomain (29ms)
	RebuildCommonClasses (23ms)
	RebuildNativeTypeToScriptingClass (8ms)
	initialDomainReloadingComplete (24ms)
	LoadAllAssembliesAndSetupDomain (172ms)
		LoadAssemblies (228ms)
		RebuildTransferFunctionScriptingTraits (0ms)
		AnalyzeDomain (9ms)
			TypeCache.Refresh (5ms)
				TypeCache.ScanAssembly (0ms)
			ScanForSourceGeneratedMonoScriptInfo (0ms)
			ResolveRequiredComponents (3ms)
	FinalizeReload (763ms)
		ReleaseScriptCaches (0ms)
		RebuildScriptCaches (0ms)
		SetupLoadedEditorAssemblies (480ms)
			LogAssemblyErrors (0ms)
			InitializePlatformSupportModulesInManaged (6ms)
			SetLoadedEditorAssemblies (3ms)
			RefreshPlugins (0ms)
			BeforeProcessingInitializeOnLoad (67ms)
			ProcessInitializeOnLoadAttributes (380ms)
			ProcessInitializeOnLoadMethodAttributes (16ms)
			AfterProcessingInitializeOnLoad (8ms)
			EditorAssembliesLoaded (0ms)
		ExecutionOrderSort2 (0ms)
		AwakeInstancesAfterBackupRestoration (6ms)
Refreshing native plugins compatible for Editor in 2.12 ms, found 3 plugins.
Preloading 0 native plugins for Editor in 0.00 ms.
Unloading 3087 Unused Serialized files (Serialized files now loaded: 0)
Unloading 23 unused Assets / (31.0 KB). Loaded Objects now: 3564.
Memory consumption went from 125.7 MB to 125.7 MB.
Total: 2.361700 ms (FindLiveObjects: 0.196400 ms CreateObjectMapping: 0.071200 ms MarkObjects: 2.053400 ms  DeleteObjects: 0.039400 ms)

Prepare: number of updated asset objects reloaded= 0
AssetImportParameters requested are different than current active one (requested -> active):
  custom:container-demuxer-ogg: 62fdf1f143b41e24485cea50d1cbac27 -> 
  custom:scripting/monoscript/fileName/MoveRight.cs: f6e84071088b0417953b0958a7effa33 -> d8e60f623442fa6de6337525afae0ca1
  custom:video-decoder-ogg-theora: a1e56fd34408186e4bbccfd4996cb3dc -> 
  custom:framework-win-MediaFoundation: 216162199b28c13a410421893ffa2e32 -> 
  custom:scripting/monoscript/fileName/VirtualInputManager.cs: c4a6378bfd2699e7bc6bf21bb0f8eae3 -> af23d530dfa650788403bf9b049414cc
  custom:scripting/monoscript/fileName/CharacterState.cs: 5dc8a39be057b3328dc4efcdf4b5a7b0 -> e81703a4faa26deb5e25162e998069ad
  custom:CustomObjectIndexerAttribute: 756ad292c208cfabdd7b50bc23989ffe -> 
  custom:container-demuxer-webm: 4f35f7cbe854078d1ac9338744f61a02 -> 
  custom:scripting/monoscript/fileName/CharacterControl.cs: d7a2715e04009e7c7ce0a0fd97b294e3 -> e8edf15d00bc51525ca2672995906167
  custom:scripting/monoscript/fileName/AbstractTargetFollower.cs: bd8be3102d90dc7625e90c699b9ce143 -> 
  custom:scripting/monoscript/fileName/Idle.cs: af94afd1a1ec0acff722743efcdd7325 -> 4b56e492a1e7729cd14a71d594c51707
  custom:scripting/monoscript/fileName/PivotBasedCameraRig.cs: 78e2e6573322fcc55af450266306de6e -> 
  custom:scripting/monoscript/fileName/PlayerWalk.cs: b9cc9630b9810c0c2d0f53621f67c56c -> 
  custom:scripting/monoscript/fileName/Singleton.cs: f32b12f6c214325c9f62f222fc232e32 -> 8f6297df34271fdb1ce2d9607ec6261d
  custom:container-muxer-webm: aa71ff27fc2769a1b78a27578f13a17b -> 
  custom:video-decoder-webm-vp8: 9c59270c3fd7afecdb556c50c9e8de78 -> 
  custom:SearchIndexIgnoredProperties: e643bd26f0fe6173181afceb89e7c659 -> 
  custom:AudioImporter_EditorPlatform: d09bf68614088b80899f8185d706f6e7 -> 
  custom:scripting/monoscript/fileName/MaterialChanger.cs: 8dce07ae06c538426f4b6b1521a89d9d -> 81390f2f2866331b60e8e7f732ed1031
  custom:scripting/monoscript/fileName/SelfRotation.cs: 7e246db65b3b22dac5677a97904cfe89 -> 
  custom:scripting/monoscript/fileName/CharacterStateBase.cs: a4ba57f9a2d3539ceb2ced57666756ac -> 
  custom:video-encoder-webm-vp8: eb34c28f22e8b96e1ab97ce403110664 -> 
  custom:audio-decoder-ogg-vorbis: bf7c407c2cedff20999df2af8eb42d56 -> 
  custom:scripting/monoscript/fileName/FreeLookCam.cs: ec7e447c8320099965c5f3bd81473d66 -> 
  custom:audio-encoder-webm-vorbis: bf7c407c2cedff20999df2af8eb42d56 -> 
  custom:scripting/monoscript/fileName/PlayerIdle.cs: b24acd4ccb5af2a3fb48ca79787315d7 -> 
  custom:scripting/monoscript/fileName/KeyboardInput.cs: 31b704f64193ac2ac27029ec86d2828a -> fa29d73f067296a3b0d254469704d409
  custom:scripting/monoscript/fileName/StateData.cs: f28d52e0a3b9e5f58aa5b7522e14ca67 -> 3e45d22f7cc0ffbf831c0184ec5cf59d
  custom:scripting/monoscript/fileName/CharacterController.cs: bf100989c5de46a8744b03912941ee5e -> 
========================================================================
Received Prepare
Begin MonoManager ReloadAssembly
- Loaded All Assemblies, in  0.368 seconds
Refreshing native plugins compatible for Editor in 2.24 ms, found 3 plugins.
Native extension for WindowsStandalone target not found
[Package Manager] Server::EnsureServerProcessIsRunning -- launch failed, reason: Unity was launched with the -noUpm command-line argument
[Package Manager] UpmClient::Send -- Unable to send message (not connected to UPM process).
[Package Manager] Cannot connect to Unity Package Manager local server
Mono: successfully reloaded assembly
- Finished resetting the current domain, in  0.792 seconds
Domain Reload Profiling: 1157ms
	BeginReloadAssembly (138ms)
		ExecutionOrderSort (0ms)
		DisableScriptedObjects (4ms)
		BackupInstance (0ms)
		ReleaseScriptingObjects (0ms)
		CreateAndSetChildDomain (34ms)
	RebuildCommonClasses (25ms)
	RebuildNativeTypeToScriptingClass (8ms)
	initialDomainReloadingComplete (23ms)
	LoadAllAssembliesAndSetupDomain (170ms)
		LoadAssemblies (232ms)
		RebuildTransferFunctionScriptingTraits (0ms)
		AnalyzeDomain (10ms)
			TypeCache.Refresh (5ms)
				TypeCache.ScanAssembly (0ms)
			ScanForSourceGeneratedMonoScriptInfo (0ms)
			ResolveRequiredComponents (3ms)
	FinalizeReload (792ms)
		ReleaseScriptCaches (0ms)
		RebuildScriptCaches (0ms)
		SetupLoadedEditorAssemblies (487ms)
			LogAssemblyErrors (0ms)
			InitializePlatformSupportModulesInManaged (5ms)
			SetLoadedEditorAssemblies (3ms)
			RefreshPlugins (0ms)
			BeforeProcessingInitializeOnLoad (73ms)
			ProcessInitializeOnLoadAttributes (383ms)
			ProcessInitializeOnLoadMethodAttributes (16ms)
			AfterProcessingInitializeOnLoad (7ms)
			EditorAssembliesLoaded (0ms)
		ExecutionOrderSort2 (0ms)
		AwakeInstancesAfterBackupRestoration (5ms)
Refreshing native plugins compatible for Editor in 2.30 ms, found 3 plugins.
Preloading 0 native plugins for Editor in 0.00 ms.
Unloading 3087 Unused Serialized files (Serialized files now loaded: 0)
Unloading 23 unused Assets / (31.0 KB). Loaded Objects now: 3567.
Memory consumption went from 127.7 MB to 127.6 MB.
Total: 2.463900 ms (FindLiveObjects: 0.164700 ms CreateObjectMapping: 0.063700 ms MarkObjects: 2.196000 ms  DeleteObjects: 0.038400 ms)

Prepare: number of updated asset objects reloaded= 0
AssetImportParameters requested are different than current active one (requested -> active):
  custom:container-demuxer-ogg: 62fdf1f143b41e24485cea50d1cbac27 -> 
  custom:scripting/monoscript/fileName/MoveRight.cs: f6e84071088b0417953b0958a7effa33 -> d8e60f623442fa6de6337525afae0ca1
  custom:video-decoder-ogg-theora: a1e56fd34408186e4bbccfd4996cb3dc -> 
  custom:framework-win-MediaFoundation: 216162199b28c13a410421893ffa2e32 -> 
  custom:scripting/monoscript/fileName/VirtualInputManager.cs: c4a6378bfd2699e7bc6bf21bb0f8eae3 -> af23d530dfa650788403bf9b049414cc
  custom:scripting/monoscript/fileName/CharacterState.cs: 5dc8a39be057b3328dc4efcdf4b5a7b0 -> e81703a4faa26deb5e25162e998069ad
  custom:CustomObjectIndexerAttribute: 756ad292c208cfabdd7b50bc23989ffe -> 
  custom:container-demuxer-webm: 4f35f7cbe854078d1ac9338744f61a02 -> 
  custom:scripting/monoscript/fileName/CharacterControl.cs: d7a2715e04009e7c7ce0a0fd97b294e3 -> e8edf15d00bc51525ca2672995906167
  custom:scripting/monoscript/fileName/AbstractTargetFollower.cs: bd8be3102d90dc7625e90c699b9ce143 -> 
  custom:scripting/monoscript/fileName/Idle.cs: af94afd1a1ec0acff722743efcdd7325 -> 4b56e492a1e7729cd14a71d594c51707
  custom:scripting/monoscript/fileName/PivotBasedCameraRig.cs: 78e2e6573322fcc55af450266306de6e -> 
  custom:scripting/monoscript/fileName/PlayerWalk.cs: b9cc9630b9810c0c2d0f53621f67c56c -> 
  custom:scripting/monoscript/fileName/Singleton.cs: f32b12f6c214325c9f62f222fc232e32 -> 8f6297df34271fdb1ce2d9607ec6261d
  custom:container-muxer-webm: aa71ff27fc2769a1b78a27578f13a17b -> 
  custom:video-decoder-webm-vp8: 9c59270c3fd7afecdb556c50c9e8de78 -> 
  custom:SearchIndexIgnoredProperties: e643bd26f0fe6173181afceb89e7c659 -> 
  custom:AudioImporter_EditorPlatform: d09bf68614088b80899f8185d706f6e7 -> 
  custom:scripting/monoscript/fileName/MaterialChanger.cs: 8dce07ae06c538426f4b6b1521a89d9d -> 81390f2f2866331b60e8e7f732ed1031
  custom:scripting/monoscript/fileName/SelfRotation.cs: 7e246db65b3b22dac5677a97904cfe89 -> 
  custom:scripting/monoscript/fileName/CharacterStateBase.cs: a4ba57f9a2d3539ceb2ced57666756ac -> 
  custom:video-encoder-webm-vp8: eb34c28f22e8b96e1ab97ce403110664 -> 
  custom:audio-decoder-ogg-vorbis: bf7c407c2cedff20999df2af8eb42d56 -> 
  custom:scripting/monoscript/fileName/FreeLookCam.cs: ec7e447c8320099965c5f3bd81473d66 -> 
  custom:audio-encoder-webm-vorbis: bf7c407c2cedff20999df2af8eb42d56 -> 
  custom:scripting/monoscript/fileName/PlayerIdle.cs: b24acd4ccb5af2a3fb48ca79787315d7 -> 
  custom:scripting/monoscript/fileName/KeyboardInput.cs: 31b704f64193ac2ac27029ec86d2828a -> fa29d73f067296a3b0d254469704d409
  custom:scripting/monoscript/fileName/StateData.cs: f28d52e0a3b9e5f58aa5b7522e14ca67 -> 3e45d22f7cc0ffbf831c0184ec5cf59d
  custom:scripting/monoscript/fileName/CharacterController.cs: bf100989c5de46a8744b03912941ee5e -> 
========================================================================
Received Prepare
Begin MonoManager ReloadAssembly
- Loaded All Assemblies, in  0.371 seconds
Refreshing native plugins compatible for Editor in 1.94 ms, found 3 plugins.
Native extension for WindowsStandalone target not found
[Package Manager] Server::EnsureServerProcessIsRunning -- launch failed, reason: Unity was launched with the -noUpm command-line argument
[Package Manager] UpmClient::Send -- Unable to send message (not connected to UPM process).
[Package Manager] Cannot connect to Unity Package Manager local server
Mono: successfully reloaded assembly
- Finished resetting the current domain, in  0.754 seconds
Domain Reload Profiling: 1122ms
	BeginReloadAssembly (128ms)
		ExecutionOrderSort (0ms)
		DisableScriptedObjects (4ms)
		BackupInstance (0ms)
		ReleaseScriptingObjects (0ms)
		CreateAndSetChildDomain (27ms)
	RebuildCommonClasses (23ms)
	RebuildNativeTypeToScriptingClass (8ms)
	initialDomainReloadingComplete (24ms)
	LoadAllAssembliesAndSetupDomain (186ms)
		LoadAssemblies (246ms)
		RebuildTransferFunctionScriptingTraits (0ms)
		AnalyzeDomain (9ms)
			TypeCache.Refresh (5ms)
				TypeCache.ScanAssembly (0ms)
			ScanForSourceGeneratedMonoScriptInfo (0ms)
			ResolveRequiredComponents (3ms)
	FinalizeReload (754ms)
		ReleaseScriptCaches (0ms)
		RebuildScriptCaches (0ms)
		SetupLoadedEditorAssemblies (471ms)
			LogAssemblyErrors (0ms)
			InitializePlatformSupportModulesInManaged (5ms)
			SetLoadedEditorAssemblies (3ms)
			RefreshPlugins (0ms)
			BeforeProcessingInitializeOnLoad (67ms)
			ProcessInitializeOnLoadAttributes (373ms)
			ProcessInitializeOnLoadMethodAttributes (15ms)
			AfterProcessingInitializeOnLoad (7ms)
			EditorAssembliesLoaded (0ms)
		ExecutionOrderSort2 (0ms)
		AwakeInstancesAfterBackupRestoration (5ms)
Refreshing native plugins compatible for Editor in 2.86 ms, found 3 plugins.
Preloading 0 native plugins for Editor in 0.00 ms.
Unloading 3087 Unused Serialized files (Serialized files now loaded: 0)
Unloading 23 unused Assets / (31.0 KB). Loaded Objects now: 3570.
Memory consumption went from 129.6 MB to 129.6 MB.
Total: 2.808100 ms (FindLiveObjects: 0.166400 ms CreateObjectMapping: 0.068500 ms MarkObjects: 2.510100 ms  DeleteObjects: 0.061700 ms)

Prepare: number of updated asset objects reloaded= 0
AssetImportParameters requested are different than current active one (requested -> active):
  custom:container-demuxer-ogg: 62fdf1f143b41e24485cea50d1cbac27 -> 
  custom:scripting/monoscript/fileName/MoveRight.cs: f6e84071088b0417953b0958a7effa33 -> d8e60f623442fa6de6337525afae0ca1
  custom:video-decoder-ogg-theora: a1e56fd34408186e4bbccfd4996cb3dc -> 
  custom:framework-win-MediaFoundation: 216162199b28c13a410421893ffa2e32 -> 
  custom:scripting/monoscript/fileName/VirtualInputManager.cs: c4a6378bfd2699e7bc6bf21bb0f8eae3 -> af23d530dfa650788403bf9b049414cc
  custom:scripting/monoscript/fileName/CharacterState.cs: 5dc8a39be057b3328dc4efcdf4b5a7b0 -> e81703a4faa26deb5e25162e998069ad
  custom:CustomObjectIndexerAttribute: 756ad292c208cfabdd7b50bc23989ffe -> 
  custom:container-demuxer-webm: 4f35f7cbe854078d1ac9338744f61a02 -> 
  custom:scripting/monoscript/fileName/CharacterControl.cs: d7a2715e04009e7c7ce0a0fd97b294e3 -> e8edf15d00bc51525ca2672995906167
  custom:scripting/monoscript/fileName/AbstractTargetFollower.cs: bd8be3102d90dc7625e90c699b9ce143 -> 
  custom:scripting/monoscript/fileName/Idle.cs: af94afd1a1ec0acff722743efcdd7325 -> 4b56e492a1e7729cd14a71d594c51707
  custom:scripting/monoscript/fileName/PivotBasedCameraRig.cs: 78e2e6573322fcc55af450266306de6e -> 
  custom:scripting/monoscript/fileName/PlayerWalk.cs: b9cc9630b9810c0c2d0f53621f67c56c -> 
  custom:scripting/monoscript/fileName/Singleton.cs: f32b12f6c214325c9f62f222fc232e32 -> 8f6297df34271fdb1ce2d9607ec6261d
  custom:container-muxer-webm: aa71ff27fc2769a1b78a27578f13a17b -> 
  custom:video-decoder-webm-vp8: 9c59270c3fd7afecdb556c50c9e8de78 -> 
  custom:SearchIndexIgnoredProperties: e643bd26f0fe6173181afceb89e7c659 -> 
  custom:AudioImporter_EditorPlatform: d09bf68614088b80899f8185d706f6e7 -> 
  custom:scripting/monoscript/fileName/MaterialChanger.cs: 8dce07ae06c538426f4b6b1521a89d9d -> 81390f2f2866331b60e8e7f732ed1031
  custom:scripting/monoscript/fileName/SelfRotation.cs: 7e246db65b3b22dac5677a97904cfe89 -> 
  custom:scripting/monoscript/fileName/CharacterStateBase.cs: a4ba57f9a2d3539ceb2ced57666756ac -> 
  custom:video-encoder-webm-vp8: eb34c28f22e8b96e1ab97ce403110664 -> 
  custom:audio-decoder-ogg-vorbis: bf7c407c2cedff20999df2af8eb42d56 -> 
  custom:scripting/monoscript/fileName/FreeLookCam.cs: ec7e447c8320099965c5f3bd81473d66 -> 
  custom:audio-encoder-webm-vorbis: bf7c407c2cedff20999df2af8eb42d56 -> 
  custom:scripting/monoscript/fileName/PlayerIdle.cs: b24acd4ccb5af2a3fb48ca79787315d7 -> 
  custom:scripting/monoscript/fileName/KeyboardInput.cs: 31b704f64193ac2ac27029ec86d2828a -> fa29d73f067296a3b0d254469704d409
  custom:scripting/monoscript/fileName/StateData.cs: f28d52e0a3b9e5f58aa5b7522e14ca67 -> 3e45d22f7cc0ffbf831c0184ec5cf59d
  custom:scripting/monoscript/fileName/CharacterController.cs: bf100989c5de46a8744b03912941ee5e -> 
========================================================================
Received Prepare
Begin MonoManager ReloadAssembly
- Loaded All Assemblies, in  0.365 seconds
Refreshing native plugins compatible for Editor in 1.99 ms, found 3 plugins.
Native extension for WindowsStandalone target not found
[Package Manager] Server::EnsureServerProcessIsRunning -- launch failed, reason: Unity was launched with the -noUpm command-line argument
[Package Manager] UpmClient::Send -- Unable to send message (not connected to UPM process).
[Package Manager] Cannot connect to Unity Package Manager local server
Mono: successfully reloaded assembly
- Finished resetting the current domain, in  0.768 seconds
Domain Reload Profiling: 1130ms
	BeginReloadAssembly (127ms)
		ExecutionOrderSort (0ms)
		DisableScriptedObjects (4ms)
		BackupInstance (0ms)
		ReleaseScriptingObjects (0ms)
		CreateAndSetChildDomain (27ms)
	RebuildCommonClasses (23ms)
	RebuildNativeTypeToScriptingClass (8ms)
	initialDomainReloadingComplete (24ms)
	LoadAllAssembliesAndSetupDomain (180ms)
		LoadAssemblies (238ms)
		RebuildTransferFunctionScriptingTraits (0ms)
		AnalyzeDomain (11ms)
			TypeCache.Refresh (7ms)
				TypeCache.ScanAssembly (0ms)
			ScanForSourceGeneratedMonoScriptInfo (0ms)
			ResolveRequiredComponents (3ms)
	FinalizeReload (768ms)
		ReleaseScriptCaches (0ms)
		RebuildScriptCaches (0ms)
		SetupLoadedEditorAssemblies (488ms)
			LogAssemblyErrors (0ms)
			InitializePlatformSupportModulesInManaged (5ms)
			SetLoadedEditorAssemblies (3ms)
			RefreshPlugins (0ms)
			BeforeProcessingInitializeOnLoad (67ms)
			ProcessInitializeOnLoadAttributes (391ms)
			ProcessInitializeOnLoadMethodAttributes (15ms)
			AfterProcessingInitializeOnLoad (7ms)
			EditorAssembliesLoaded (0ms)
		ExecutionOrderSort2 (0ms)
		AwakeInstancesAfterBackupRestoration (5ms)
Refreshing native plugins compatible for Editor in 2.18 ms, found 3 plugins.
Preloading 0 native plugins for Editor in 0.00 ms.
Unloading 3087 Unused Serialized files (Serialized files now loaded: 0)
Unloading 23 unused Assets / (31.0 KB). Loaded Objects now: 3573.
Memory consumption went from 131.5 MB to 131.5 MB.
Total: 2.556600 ms (FindLiveObjects: 0.238300 ms CreateObjectMapping: 0.090000 ms MarkObjects: 2.188500 ms  DeleteObjects: 0.038300 ms)

Prepare: number of updated asset objects reloaded= 0
AssetImportParameters requested are different than current active one (requested -> active):
  custom:container-demuxer-ogg: 62fdf1f143b41e24485cea50d1cbac27 -> 
  custom:scripting/monoscript/fileName/MoveRight.cs: f6e84071088b0417953b0958a7effa33 -> d8e60f623442fa6de6337525afae0ca1
  custom:video-decoder-ogg-theora: a1e56fd34408186e4bbccfd4996cb3dc -> 
  custom:framework-win-MediaFoundation: 216162199b28c13a410421893ffa2e32 -> 
  custom:scripting/monoscript/fileName/VirtualInputManager.cs: c4a6378bfd2699e7bc6bf21bb0f8eae3 -> af23d530dfa650788403bf9b049414cc
  custom:scripting/monoscript/fileName/CharacterState.cs: 5dc8a39be057b3328dc4efcdf4b5a7b0 -> e81703a4faa26deb5e25162e998069ad
  custom:CustomObjectIndexerAttribute: 756ad292c208cfabdd7b50bc23989ffe -> 
  custom:container-demuxer-webm: 4f35f7cbe854078d1ac9338744f61a02 -> 
  custom:scripting/monoscript/fileName/CharacterControl.cs: d7a2715e04009e7c7ce0a0fd97b294e3 -> e8edf15d00bc51525ca2672995906167
  custom:scripting/monoscript/fileName/AbstractTargetFollower.cs: bd8be3102d90dc7625e90c699b9ce143 -> 
  custom:scripting/monoscript/fileName/Idle.cs: af94afd1a1ec0acff722743efcdd7325 -> 4b56e492a1e7729cd14a71d594c51707
  custom:scripting/monoscript/fileName/PivotBasedCameraRig.cs: 78e2e6573322fcc55af450266306de6e -> 
  custom:scripting/monoscript/fileName/PlayerWalk.cs: b9cc9630b9810c0c2d0f53621f67c56c -> 
  custom:scripting/monoscript/fileName/Singleton.cs: f32b12f6c214325c9f62f222fc232e32 -> 8f6297df34271fdb1ce2d9607ec6261d
  custom:container-muxer-webm: aa71ff27fc2769a1b78a27578f13a17b -> 
  custom:video-decoder-webm-vp8: 9c59270c3fd7afecdb556c50c9e8de78 -> 
  custom:SearchIndexIgnoredProperties: e643bd26f0fe6173181afceb89e7c659 -> 
  custom:AudioImporter_EditorPlatform: d09bf68614088b80899f8185d706f6e7 -> 
  custom:scripting/monoscript/fileName/MaterialChanger.cs: 8dce07ae06c538426f4b6b1521a89d9d -> 81390f2f2866331b60e8e7f732ed1031
  custom:scripting/monoscript/fileName/SelfRotation.cs: 7e246db65b3b22dac5677a97904cfe89 -> 
  custom:scripting/monoscript/fileName/CharacterStateBase.cs: a4ba57f9a2d3539ceb2ced57666756ac -> 
  custom:video-encoder-webm-vp8: eb34c28f22e8b96e1ab97ce403110664 -> 
  custom:audio-decoder-ogg-vorbis: bf7c407c2cedff20999df2af8eb42d56 -> 
  custom:scripting/monoscript/fileName/FreeLookCam.cs: ec7e447c8320099965c5f3bd81473d66 -> 
  custom:audio-encoder-webm-vorbis: bf7c407c2cedff20999df2af8eb42d56 -> 
  custom:scripting/monoscript/fileName/PlayerIdle.cs: b24acd4ccb5af2a3fb48ca79787315d7 -> 
  custom:scripting/monoscript/fileName/KeyboardInput.cs: 31b704f64193ac2ac27029ec86d2828a -> fa29d73f067296a3b0d254469704d409
  custom:scripting/monoscript/fileName/StateData.cs: f28d52e0a3b9e5f58aa5b7522e14ca67 -> 3e45d22f7cc0ffbf831c0184ec5cf59d
  custom:scripting/monoscript/fileName/CharacterController.cs: bf100989c5de46a8744b03912941ee5e -> 
========================================================================
Received Prepare
Begin MonoManager ReloadAssembly
- Loaded All Assemblies, in  0.365 seconds
Refreshing native plugins compatible for Editor in 1.81 ms, found 3 plugins.
Native extension for WindowsStandalone target not found
[Package Manager] Server::EnsureServerProcessIsRunning -- launch failed, reason: Unity was launched with the -noUpm command-line argument
[Package Manager] UpmClient::Send -- Unable to send message (not connected to UPM process).
[Package Manager] Cannot connect to Unity Package Manager local server
Mono: successfully reloaded assembly
- Finished resetting the current domain, in  0.776 seconds
Domain Reload Profiling: 1138ms
	BeginReloadAssembly (130ms)
		ExecutionOrderSort (0ms)
		DisableScriptedObjects (4ms)
		BackupInstance (0ms)
		ReleaseScriptingObjects (0ms)
		CreateAndSetChildDomain (27ms)
	RebuildCommonClasses (26ms)
	RebuildNativeTypeToScriptingClass (11ms)
	initialDomainReloadingComplete (23ms)
	LoadAllAssembliesAndSetupDomain (171ms)
		LoadAssemblies (230ms)
		RebuildTransferFunctionScriptingTraits (0ms)
		AnalyzeDomain (9ms)
			TypeCache.Refresh (5ms)
				TypeCache.ScanAssembly (0ms)
			ScanForSourceGeneratedMonoScriptInfo (0ms)
			ResolveRequiredComponents (3ms)
	FinalizeReload (776ms)
		ReleaseScriptCaches (0ms)
		RebuildScriptCaches (0ms)
		SetupLoadedEditorAssemblies (505ms)
			LogAssemblyErrors (0ms)
			InitializePlatformSupportModulesInManaged (5ms)
			SetLoadedEditorAssemblies (3ms)
			RefreshPlugins (0ms)
			BeforeProcessingInitializeOnLoad (81ms)
			ProcessInitializeOnLoadAttributes (388ms)
			ProcessInitializeOnLoadMethodAttributes (17ms)
			AfterProcessingInitializeOnLoad (10ms)
			EditorAssembliesLoaded (0ms)
		ExecutionOrderSort2 (0ms)
		AwakeInstancesAfterBackupRestoration (6ms)
Refreshing native plugins compatible for Editor in 2.00 ms, found 3 plugins.
Preloading 0 native plugins for Editor in 0.00 ms.
Unloading 3087 Unused Serialized files (Serialized files now loaded: 0)
Unloading 23 unused Assets / (31.0 KB). Loaded Objects now: 3576.
Memory consumption went from 133.4 MB to 133.4 MB.
Total: 2.334400 ms (FindLiveObjects: 0.190000 ms CreateObjectMapping: 0.067700 ms MarkObjects: 2.039200 ms  DeleteObjects: 0.036600 ms)

Prepare: number of updated asset objects reloaded= 0
AssetImportParameters requested are different than current active one (requested -> active):
  custom:container-demuxer-ogg: 62fdf1f143b41e24485cea50d1cbac27 -> 
  custom:scripting/monoscript/fileName/MoveRight.cs: f6e84071088b0417953b0958a7effa33 -> d8e60f623442fa6de6337525afae0ca1
  custom:video-decoder-ogg-theora: a1e56fd34408186e4bbccfd4996cb3dc -> 
  custom:framework-win-MediaFoundation: 216162199b28c13a410421893ffa2e32 -> 
  custom:scripting/monoscript/fileName/VirtualInputManager.cs: c4a6378bfd2699e7bc6bf21bb0f8eae3 -> af23d530dfa650788403bf9b049414cc
  custom:scripting/monoscript/fileName/CharacterState.cs: 5dc8a39be057b3328dc4efcdf4b5a7b0 -> e81703a4faa26deb5e25162e998069ad
  custom:CustomObjectIndexerAttribute: 756ad292c208cfabdd7b50bc23989ffe -> 
  custom:container-demuxer-webm: 4f35f7cbe854078d1ac9338744f61a02 -> 
  custom:scripting/monoscript/fileName/CharacterControl.cs: d7a2715e04009e7c7ce0a0fd97b294e3 -> e8edf15d00bc51525ca2672995906167
  custom:scripting/monoscript/fileName/AbstractTargetFollower.cs: bd8be3102d90dc7625e90c699b9ce143 -> 
  custom:scripting/monoscript/fileName/Idle.cs: af94afd1a1ec0acff722743efcdd7325 -> 4b56e492a1e7729cd14a71d594c51707
  custom:scripting/monoscript/fileName/PivotBasedCameraRig.cs: 78e2e6573322fcc55af450266306de6e -> 
  custom:scripting/monoscript/fileName/PlayerWalk.cs: b9cc9630b9810c0c2d0f53621f67c56c -> 
  custom:scripting/monoscript/fileName/Singleton.cs: f32b12f6c214325c9f62f222fc232e32 -> 8f6297df34271fdb1ce2d9607ec6261d
  custom:container-muxer-webm: aa71ff27fc2769a1b78a27578f13a17b -> 
  custom:video-decoder-webm-vp8: 9c59270c3fd7afecdb556c50c9e8de78 -> 
  custom:SearchIndexIgnoredProperties: e643bd26f0fe6173181afceb89e7c659 -> 
  custom:AudioImporter_EditorPlatform: d09bf68614088b80899f8185d706f6e7 -> 
  custom:scripting/monoscript/fileName/MaterialChanger.cs: 8dce07ae06c538426f4b6b1521a89d9d -> 81390f2f2866331b60e8e7f732ed1031
  custom:scripting/monoscript/fileName/SelfRotation.cs: 7e246db65b3b22dac5677a97904cfe89 -> 
  custom:scripting/monoscript/fileName/CharacterStateBase.cs: a4ba57f9a2d3539ceb2ced57666756ac -> 
  custom:video-encoder-webm-vp8: eb34c28f22e8b96e1ab97ce403110664 -> 
  custom:audio-decoder-ogg-vorbis: bf7c407c2cedff20999df2af8eb42d56 -> 
  custom:scripting/monoscript/fileName/FreeLookCam.cs: ec7e447c8320099965c5f3bd81473d66 -> 
  custom:audio-encoder-webm-vorbis: bf7c407c2cedff20999df2af8eb42d56 -> 
  custom:scripting/monoscript/fileName/PlayerIdle.cs: b24acd4ccb5af2a3fb48ca79787315d7 -> 
  custom:scripting/monoscript/fileName/KeyboardInput.cs: 31b704f64193ac2ac27029ec86d2828a -> fa29d73f067296a3b0d254469704d409
  custom:scripting/monoscript/fileName/StateData.cs: f28d52e0a3b9e5f58aa5b7522e14ca67 -> 3e45d22f7cc0ffbf831c0184ec5cf59d
  custom:scripting/monoscript/fileName/CharacterController.cs: bf100989c5de46a8744b03912941ee5e -> 
========================================================================
Received Prepare
Begin MonoManager ReloadAssembly
- Loaded All Assemblies, in  0.371 seconds
Refreshing native plugins compatible for Editor in 2.08 ms, found 3 plugins.
Native extension for WindowsStandalone target not found
[Package Manager] Server::EnsureServerProcessIsRunning -- launch failed, reason: Unity was launched with the -noUpm command-line argument
[Package Manager] UpmClient::Send -- Unable to send message (not connected to UPM process).
[Package Manager] Cannot connect to Unity Package Manager local server
Mono: successfully reloaded assembly
- Finished resetting the current domain, in  0.771 seconds
Domain Reload Profiling: 1139ms
	BeginReloadAssembly (139ms)
		ExecutionOrderSort (0ms)
		DisableScriptedObjects (4ms)
		BackupInstance (0ms)
		ReleaseScriptingObjects (0ms)
		CreateAndSetChildDomain (31ms)
	RebuildCommonClasses (23ms)
	RebuildNativeTypeToScriptingClass (8ms)
	initialDomainReloadingComplete (24ms)
	LoadAllAssembliesAndSetupDomain (175ms)
		LoadAssemblies (240ms)
		RebuildTransferFunctionScriptingTraits (0ms)
		AnalyzeDomain (11ms)
			TypeCache.Refresh (6ms)
				TypeCache.ScanAssembly (0ms)
			ScanForSourceGeneratedMonoScriptInfo (0ms)
			ResolveRequiredComponents (3ms)
	FinalizeReload (771ms)
		ReleaseScriptCaches (0ms)
		RebuildScriptCaches (0ms)
		SetupLoadedEditorAssemblies (489ms)
			LogAssemblyErrors (0ms)
			InitializePlatformSupportModulesInManaged (5ms)
			SetLoadedEditorAssemblies (3ms)
			RefreshPlugins (0ms)
			BeforeProcessingInitializeOnLoad (70ms)
			ProcessInitializeOnLoadAttributes (386ms)
			ProcessInitializeOnLoadMethodAttributes (16ms)
			AfterProcessingInitializeOnLoad (8ms)
			EditorAssembliesLoaded (0ms)
		ExecutionOrderSort2 (0ms)
		AwakeInstancesAfterBackupRestoration (5ms)
Refreshing native plugins compatible for Editor in 1.99 ms, found 3 plugins.
Preloading 0 native plugins for Editor in 0.00 ms.
Unloading 3087 Unused Serialized files (Serialized files now loaded: 0)
Unloading 23 unused Assets / (31.0 KB). Loaded Objects now: 3579.
Memory consumption went from 135.4 MB to 135.3 MB.
Total: 2.509700 ms (FindLiveObjects: 0.198700 ms CreateObjectMapping: 0.101500 ms MarkObjects: 2.167000 ms  DeleteObjects: 0.041500 ms)

Prepare: number of updated asset objects reloaded= 0
AssetImportParameters requested are different than current active one (requested -> active):
  custom:container-demuxer-ogg: 62fdf1f143b41e24485cea50d1cbac27 -> 
  custom:scripting/monoscript/fileName/MoveRight.cs: f6e84071088b0417953b0958a7effa33 -> d8e60f623442fa6de6337525afae0ca1
  custom:video-decoder-ogg-theora: a1e56fd34408186e4bbccfd4996cb3dc -> 
  custom:framework-win-MediaFoundation: 216162199b28c13a410421893ffa2e32 -> 
  custom:scripting/monoscript/fileName/VirtualInputManager.cs: c4a6378bfd2699e7bc6bf21bb0f8eae3 -> af23d530dfa650788403bf9b049414cc
  custom:scripting/monoscript/fileName/CharacterState.cs: 5dc8a39be057b3328dc4efcdf4b5a7b0 -> e81703a4faa26deb5e25162e998069ad
  custom:CustomObjectIndexerAttribute: 756ad292c208cfabdd7b50bc23989ffe -> 
  custom:container-demuxer-webm: 4f35f7cbe854078d1ac9338744f61a02 -> 
  custom:scripting/monoscript/fileName/CharacterControl.cs: d7a2715e04009e7c7ce0a0fd97b294e3 -> e8edf15d00bc51525ca2672995906167
  custom:scripting/monoscript/fileName/AbstractTargetFollower.cs: bd8be3102d90dc7625e90c699b9ce143 -> 
  custom:scripting/monoscript/fileName/Idle.cs: af94afd1a1ec0acff722743efcdd7325 -> 4b56e492a1e7729cd14a71d594c51707
  custom:scripting/monoscript/fileName/PivotBasedCameraRig.cs: 78e2e6573322fcc55af450266306de6e -> 
  custom:scripting/monoscript/fileName/PlayerWalk.cs: b9cc9630b9810c0c2d0f53621f67c56c -> 
  custom:scripting/monoscript/fileName/Singleton.cs: f32b12f6c214325c9f62f222fc232e32 -> 8f6297df34271fdb1ce2d9607ec6261d
  custom:container-muxer-webm: aa71ff27fc2769a1b78a27578f13a17b -> 
  custom:video-decoder-webm-vp8: 9c59270c3fd7afecdb556c50c9e8de78 -> 
  custom:SearchIndexIgnoredProperties: e643bd26f0fe6173181afceb89e7c659 -> 
  custom:AudioImporter_EditorPlatform: d09bf68614088b80899f8185d706f6e7 -> 
  custom:scripting/monoscript/fileName/MaterialChanger.cs: 8dce07ae06c538426f4b6b1521a89d9d -> 81390f2f2866331b60e8e7f732ed1031
  custom:scripting/monoscript/fileName/SelfRotation.cs: 7e246db65b3b22dac5677a97904cfe89 -> 
  custom:scripting/monoscript/fileName/CharacterStateBase.cs: a4ba57f9a2d3539ceb2ced57666756ac -> 
  custom:video-encoder-webm-vp8: eb34c28f22e8b96e1ab97ce403110664 -> 
  custom:audio-decoder-ogg-vorbis: bf7c407c2cedff20999df2af8eb42d56 -> 
  custom:scripting/monoscript/fileName/FreeLookCam.cs: ec7e447c8320099965c5f3bd81473d66 -> 
  custom:audio-encoder-webm-vorbis: bf7c407c2cedff20999df2af8eb42d56 -> 
  custom:scripting/monoscript/fileName/PlayerIdle.cs: b24acd4ccb5af2a3fb48ca79787315d7 -> 
  custom:scripting/monoscript/fileName/KeyboardInput.cs: 31b704f64193ac2ac27029ec86d2828a -> fa29d73f067296a3b0d254469704d409
  custom:scripting/monoscript/fileName/StateData.cs: f28d52e0a3b9e5f58aa5b7522e14ca67 -> 3e45d22f7cc0ffbf831c0184ec5cf59d
  custom:scripting/monoscript/fileName/CharacterController.cs: bf100989c5de46a8744b03912941ee5e -> 
========================================================================
Received Prepare
Begin MonoManager ReloadAssembly
- Loaded All Assemblies, in  0.363 seconds
Refreshing native plugins compatible for Editor in 2.23 ms, found 3 plugins.
Native extension for WindowsStandalone target not found
[Package Manager] Server::EnsureServerProcessIsRunning -- launch failed, reason: Unity was launched with the -noUpm command-line argument
[Package Manager] UpmClient::Send -- Unable to send message (not connected to UPM process).
[Package Manager] Cannot connect to Unity Package Manager local server
Mono: successfully reloaded assembly
- Finished resetting the current domain, in  0.750 seconds
Domain Reload Profiling: 1110ms
	BeginReloadAssembly (126ms)
		ExecutionOrderSort (0ms)
		DisableScriptedObjects (4ms)
		BackupInstance (0ms)
		ReleaseScriptingObjects (0ms)
		CreateAndSetChildDomain (28ms)
	RebuildCommonClasses (23ms)
	RebuildNativeTypeToScriptingClass (8ms)
	initialDomainReloadingComplete (25ms)
	LoadAllAssembliesAndSetupDomain (178ms)
		LoadAssemblies (235ms)
		RebuildTransferFunctionScriptingTraits (0ms)
		AnalyzeDomain (10ms)
			TypeCache.Refresh (5ms)
				TypeCache.ScanAssembly (0ms)
			ScanForSourceGeneratedMonoScriptInfo (0ms)
			ResolveRequiredComponents (4ms)
	FinalizeReload (750ms)
		ReleaseScriptCaches (0ms)
		RebuildScriptCaches (0ms)
		SetupLoadedEditorAssemblies (478ms)
			LogAssemblyErrors (0ms)
			InitializePlatformSupportModulesInManaged (5ms)
			SetLoadedEditorAssemblies (3ms)
			RefreshPlugins (0ms)
			BeforeProcessingInitializeOnLoad (65ms)
			ProcessInitializeOnLoadAttributes (382ms)
			ProcessInitializeOnLoadMethodAttributes (17ms)
			AfterProcessingInitializeOnLoad (7ms)
			EditorAssembliesLoaded (0ms)
		ExecutionOrderSort2 (0ms)
		AwakeInstancesAfterBackupRestoration (5ms)
Refreshing native plugins compatible for Editor in 2.20 ms, found 3 plugins.
Preloading 0 native plugins for Editor in 0.00 ms.
Unloading 3087 Unused Serialized files (Serialized files now loaded: 0)
Unloading 23 unused Assets / (31.0 KB). Loaded Objects now: 3582.
Memory consumption went from 137.3 MB to 137.2 MB.
Total: 2.349400 ms (FindLiveObjects: 0.167000 ms CreateObjectMapping: 0.066500 ms MarkObjects: 2.076800 ms  DeleteObjects: 0.038300 ms)

Prepare: number of updated asset objects reloaded= 0
AssetImportParameters requested are different than current active one (requested -> active):
  custom:container-demuxer-ogg: 62fdf1f143b41e24485cea50d1cbac27 -> 
  custom:scripting/monoscript/fileName/MoveRight.cs: f6e84071088b0417953b0958a7effa33 -> d8e60f623442fa6de6337525afae0ca1
  custom:video-decoder-ogg-theora: a1e56fd34408186e4bbccfd4996cb3dc -> 
  custom:framework-win-MediaFoundation: 216162199b28c13a410421893ffa2e32 -> 
  custom:scripting/monoscript/fileName/VirtualInputManager.cs: c4a6378bfd2699e7bc6bf21bb0f8eae3 -> af23d530dfa650788403bf9b049414cc
  custom:scripting/monoscript/fileName/CharacterState.cs: 5dc8a39be057b3328dc4efcdf4b5a7b0 -> e81703a4faa26deb5e25162e998069ad
  custom:CustomObjectIndexerAttribute: 756ad292c208cfabdd7b50bc23989ffe -> 
  custom:container-demuxer-webm: 4f35f7cbe854078d1ac9338744f61a02 -> 
  custom:scripting/monoscript/fileName/CharacterControl.cs: d7a2715e04009e7c7ce0a0fd97b294e3 -> e8edf15d00bc51525ca2672995906167
  custom:scripting/monoscript/fileName/AbstractTargetFollower.cs: bd8be3102d90dc7625e90c699b9ce143 -> 
  custom:scripting/monoscript/fileName/Idle.cs: af94afd1a1ec0acff722743efcdd7325 -> 4b56e492a1e7729cd14a71d594c51707
  custom:scripting/monoscript/fileName/PivotBasedCameraRig.cs: 78e2e6573322fcc55af450266306de6e -> 
  custom:scripting/monoscript/fileName/PlayerWalk.cs: b9cc9630b9810c0c2d0f53621f67c56c -> 
  custom:scripting/monoscript/fileName/Singleton.cs: f32b12f6c214325c9f62f222fc232e32 -> 8f6297df34271fdb1ce2d9607ec6261d
  custom:container-muxer-webm: aa71ff27fc2769a1b78a27578f13a17b -> 
  custom:video-decoder-webm-vp8: 9c59270c3fd7afecdb556c50c9e8de78 -> 
  custom:SearchIndexIgnoredProperties: e643bd26f0fe6173181afceb89e7c659 -> 
  custom:AudioImporter_EditorPlatform: d09bf68614088b80899f8185d706f6e7 -> 
  custom:scripting/monoscript/fileName/MaterialChanger.cs: 8dce07ae06c538426f4b6b1521a89d9d -> 81390f2f2866331b60e8e7f732ed1031
  custom:scripting/monoscript/fileName/SelfRotation.cs: 7e246db65b3b22dac5677a97904cfe89 -> 
  custom:scripting/monoscript/fileName/CharacterStateBase.cs: a4ba57f9a2d3539ceb2ced57666756ac -> 
  custom:video-encoder-webm-vp8: eb34c28f22e8b96e1ab97ce403110664 -> 
  custom:audio-decoder-ogg-vorbis: bf7c407c2cedff20999df2af8eb42d56 -> 
  custom:scripting/monoscript/fileName/FreeLookCam.cs: ec7e447c8320099965c5f3bd81473d66 -> 
  custom:audio-encoder-webm-vorbis: bf7c407c2cedff20999df2af8eb42d56 -> 
  custom:scripting/monoscript/fileName/PlayerIdle.cs: b24acd4ccb5af2a3fb48ca79787315d7 -> 
  custom:scripting/monoscript/fileName/KeyboardInput.cs: 31b704f64193ac2ac27029ec86d2828a -> fa29d73f067296a3b0d254469704d409
  custom:scripting/monoscript/fileName/StateData.cs: f28d52e0a3b9e5f58aa5b7522e14ca67 -> 3e45d22f7cc0ffbf831c0184ec5cf59d
  custom:scripting/monoscript/fileName/CharacterController.cs: bf100989c5de46a8744b03912941ee5e -> 
========================================================================
Received Prepare
Begin MonoManager ReloadAssembly
- Loaded All Assemblies, in  0.364 seconds
Refreshing native plugins compatible for Editor in 1.95 ms, found 3 plugins.
Native extension for WindowsStandalone target not found
[Package Manager] Server::EnsureServerProcessIsRunning -- launch failed, reason: Unity was launched with the -noUpm command-line argument
[Package Manager] UpmClient::Send -- Unable to send message (not connected to UPM process).
[Package Manager] Cannot connect to Unity Package Manager local server
Mono: successfully reloaded assembly
- Finished resetting the current domain, in  0.778 seconds
Domain Reload Profiling: 1140ms
	BeginReloadAssembly (127ms)
		ExecutionOrderSort (0ms)
		DisableScriptedObjects (4ms)
		BackupInstance (0ms)
		ReleaseScriptingObjects (0ms)
		CreateAndSetChildDomain (28ms)
	RebuildCommonClasses (23ms)
	RebuildNativeTypeToScriptingClass (8ms)
	initialDomainReloadingComplete (28ms)
	LoadAllAssembliesAndSetupDomain (174ms)
		LoadAssemblies (234ms)
		RebuildTransferFunctionScriptingTraits (0ms)
		AnalyzeDomain (10ms)
			TypeCache.Refresh (5ms)
				TypeCache.ScanAssembly (0ms)
			ScanForSourceGeneratedMonoScriptInfo (0ms)
			ResolveRequiredComponents (3ms)
	FinalizeReload (779ms)
		ReleaseScriptCaches (0ms)
		RebuildScriptCaches (0ms)
		SetupLoadedEditorAssemblies (494ms)
			LogAssemblyErrors (0ms)
			InitializePlatformSupportModulesInManaged (5ms)
			SetLoadedEditorAssemblies (3ms)
			RefreshPlugins (0ms)
			BeforeProcessingInitializeOnLoad (68ms)
			ProcessInitializeOnLoadAttributes (392ms)
			ProcessInitializeOnLoadMethodAttributes (17ms)
			AfterProcessingInitializeOnLoad (8ms)
			EditorAssembliesLoaded (0ms)
		ExecutionOrderSort2 (0ms)
		AwakeInstancesAfterBackupRestoration (5ms)
Refreshing native plugins compatible for Editor in 1.92 ms, found 3 plugins.
Preloading 0 native plugins for Editor in 0.00 ms.
Unloading 3087 Unused Serialized files (Serialized files now loaded: 0)
Unloading 23 unused Assets / (31.0 KB). Loaded Objects now: 3585.
Memory consumption went from 139.2 MB to 139.2 MB.
Total: 2.429700 ms (FindLiveObjects: 0.188000 ms CreateObjectMapping: 0.071100 ms MarkObjects: 2.098100 ms  DeleteObjects: 0.071600 ms)

Prepare: number of updated asset objects reloaded= 0
AssetImportParameters requested are different than current active one (requested -> active):
  custom:container-demuxer-ogg: 62fdf1f143b41e24485cea50d1cbac27 -> 
  custom:scripting/monoscript/fileName/MoveRight.cs: f6e84071088b0417953b0958a7effa33 -> d8e60f623442fa6de6337525afae0ca1
  custom:video-decoder-ogg-theora: a1e56fd34408186e4bbccfd4996cb3dc -> 
  custom:framework-win-MediaFoundation: 216162199b28c13a410421893ffa2e32 -> 
  custom:scripting/monoscript/fileName/VirtualInputManager.cs: c4a6378bfd2699e7bc6bf21bb0f8eae3 -> af23d530dfa650788403bf9b049414cc
  custom:scripting/monoscript/fileName/CharacterState.cs: 5dc8a39be057b3328dc4efcdf4b5a7b0 -> e81703a4faa26deb5e25162e998069ad
  custom:CustomObjectIndexerAttribute: 756ad292c208cfabdd7b50bc23989ffe -> 
  custom:container-demuxer-webm: 4f35f7cbe854078d1ac9338744f61a02 -> 
  custom:scripting/monoscript/fileName/CharacterControl.cs: d7a2715e04009e7c7ce0a0fd97b294e3 -> e8edf15d00bc51525ca2672995906167
  custom:scripting/monoscript/fileName/AbstractTargetFollower.cs: bd8be3102d90dc7625e90c699b9ce143 -> 
  custom:scripting/monoscript/fileName/Idle.cs: af94afd1a1ec0acff722743efcdd7325 -> 4b56e492a1e7729cd14a71d594c51707
  custom:scripting/monoscript/fileName/PivotBasedCameraRig.cs: 78e2e6573322fcc55af450266306de6e -> 
  custom:scripting/monoscript/fileName/PlayerWalk.cs: b9cc9630b9810c0c2d0f53621f67c56c -> 
  custom:scripting/monoscript/fileName/Singleton.cs: f32b12f6c214325c9f62f222fc232e32 -> 8f6297df34271fdb1ce2d9607ec6261d
  custom:container-muxer-webm: aa71ff27fc2769a1b78a27578f13a17b -> 
  custom:video-decoder-webm-vp8: 9c59270c3fd7afecdb556c50c9e8de78 -> 
  custom:SearchIndexIgnoredProperties: e643bd26f0fe6173181afceb89e7c659 -> 
  custom:AudioImporter_EditorPlatform: d09bf68614088b80899f8185d706f6e7 -> 
  custom:scripting/monoscript/fileName/MaterialChanger.cs: 8dce07ae06c538426f4b6b1521a89d9d -> 81390f2f2866331b60e8e7f732ed1031
  custom:scripting/monoscript/fileName/SelfRotation.cs: 7e246db65b3b22dac5677a97904cfe89 -> 
  custom:scripting/monoscript/fileName/CharacterStateBase.cs: a4ba57f9a2d3539ceb2ced57666756ac -> 
  custom:video-encoder-webm-vp8: eb34c28f22e8b96e1ab97ce403110664 -> 
  custom:audio-decoder-ogg-vorbis: bf7c407c2cedff20999df2af8eb42d56 -> 
  custom:scripting/monoscript/fileName/FreeLookCam.cs: ec7e447c8320099965c5f3bd81473d66 -> 
  custom:audio-encoder-webm-vorbis: bf7c407c2cedff20999df2af8eb42d56 -> 
  custom:scripting/monoscript/fileName/PlayerIdle.cs: b24acd4ccb5af2a3fb48ca79787315d7 -> 
  custom:scripting/monoscript/fileName/KeyboardInput.cs: 31b704f64193ac2ac27029ec86d2828a -> fa29d73f067296a3b0d254469704d409
  custom:scripting/monoscript/fileName/StateData.cs: f28d52e0a3b9e5f58aa5b7522e14ca67 -> 3e45d22f7cc0ffbf831c0184ec5cf59d
  custom:scripting/monoscript/fileName/CharacterController.cs: bf100989c5de46a8744b03912941ee5e -> 
========================================================================
Received Prepare
Begin MonoManager ReloadAssembly
- Loaded All Assemblies, in  0.366 seconds
Refreshing native plugins compatible for Editor in 1.95 ms, found 3 plugins.
Native extension for WindowsStandalone target not found
[Package Manager] Server::EnsureServerProcessIsRunning -- launch failed, reason: Unity was launched with the -noUpm command-line argument
[Package Manager] UpmClient::Send -- Unable to send message (not connected to UPM process).
[Package Manager] Cannot connect to Unity Package Manager local server
Mono: successfully reloaded assembly
- Finished resetting the current domain, in  0.790 seconds
Domain Reload Profiling: 1153ms
	BeginReloadAssembly (128ms)
		ExecutionOrderSort (0ms)
		DisableScriptedObjects (4ms)
		BackupInstance (0ms)
		ReleaseScriptingObjects (0ms)
		CreateAndSetChildDomain (26ms)
	RebuildCommonClasses (31ms)
	RebuildNativeTypeToScriptingClass (8ms)
	initialDomainReloadingComplete (24ms)
	LoadAllAssembliesAndSetupDomain (172ms)
		LoadAssemblies (230ms)
		RebuildTransferFunctionScriptingTraits (0ms)
		AnalyzeDomain (10ms)
			TypeCache.Refresh (5ms)
				TypeCache.ScanAssembly (0ms)
			ScanForSourceGeneratedMonoScriptInfo (0ms)
			ResolveRequiredComponents (3ms)
	FinalizeReload (790ms)
		ReleaseScriptCaches (0ms)
		RebuildScriptCaches (0ms)
		SetupLoadedEditorAssemblies (501ms)
			LogAssemblyErrors (0ms)
			InitializePlatformSupportModulesInManaged (5ms)
			SetLoadedEditorAssemblies (4ms)
			RefreshPlugins (0ms)
			BeforeProcessingInitializeOnLoad (70ms)
			ProcessInitializeOnLoadAttributes (399ms)
			ProcessInitializeOnLoadMethodAttributes (15ms)
			AfterProcessingInitializeOnLoad (8ms)
			EditorAssembliesLoaded (0ms)
		ExecutionOrderSort2 (0ms)
		AwakeInstancesAfterBackupRestoration (7ms)
Refreshing native plugins compatible for Editor in 1.93 ms, found 3 plugins.
Preloading 0 native plugins for Editor in 0.00 ms.
Unloading 3087 Unused Serialized files (Serialized files now loaded: 0)
Unloading 23 unused Assets / (31.0 KB). Loaded Objects now: 3588.
Memory consumption went from 141.1 MB to 141.1 MB.
Total: 2.438300 ms (FindLiveObjects: 0.269600 ms CreateObjectMapping: 0.141400 ms MarkObjects: 1.990900 ms  DeleteObjects: 0.035500 ms)

Prepare: number of updated asset objects reloaded= 0
AssetImportParameters requested are different than current active one (requested -> active):
  custom:container-demuxer-ogg: 62fdf1f143b41e24485cea50d1cbac27 -> 
  custom:scripting/monoscript/fileName/MoveRight.cs: f6e84071088b0417953b0958a7effa33 -> d8e60f623442fa6de6337525afae0ca1
  custom:video-decoder-ogg-theora: a1e56fd34408186e4bbccfd4996cb3dc -> 
  custom:framework-win-MediaFoundation: 216162199b28c13a410421893ffa2e32 -> 
  custom:scripting/monoscript/fileName/VirtualInputManager.cs: c4a6378bfd2699e7bc6bf21bb0f8eae3 -> af23d530dfa650788403bf9b049414cc
  custom:scripting/monoscript/fileName/CharacterState.cs: 5dc8a39be057b3328dc4efcdf4b5a7b0 -> e81703a4faa26deb5e25162e998069ad
  custom:CustomObjectIndexerAttribute: 756ad292c208cfabdd7b50bc23989ffe -> 
  custom:container-demuxer-webm: 4f35f7cbe854078d1ac9338744f61a02 -> 
  custom:scripting/monoscript/fileName/CharacterControl.cs: d7a2715e04009e7c7ce0a0fd97b294e3 -> e8edf15d00bc51525ca2672995906167
  custom:scripting/monoscript/fileName/AbstractTargetFollower.cs: bd8be3102d90dc7625e90c699b9ce143 -> 
  custom:scripting/monoscript/fileName/Idle.cs: af94afd1a1ec0acff722743efcdd7325 -> 4b56e492a1e7729cd14a71d594c51707
  custom:scripting/monoscript/fileName/PivotBasedCameraRig.cs: 78e2e6573322fcc55af450266306de6e -> 
  custom:scripting/monoscript/fileName/PlayerWalk.cs: b9cc9630b9810c0c2d0f53621f67c56c -> 
  custom:scripting/monoscript/fileName/Singleton.cs: f32b12f6c214325c9f62f222fc232e32 -> 8f6297df34271fdb1ce2d9607ec6261d
  custom:container-muxer-webm: aa71ff27fc2769a1b78a27578f13a17b -> 
  custom:video-decoder-webm-vp8: 9c59270c3fd7afecdb556c50c9e8de78 -> 
  custom:SearchIndexIgnoredProperties: e643bd26f0fe6173181afceb89e7c659 -> 
  custom:AudioImporter_EditorPlatform: d09bf68614088b80899f8185d706f6e7 -> 
  custom:scripting/monoscript/fileName/MaterialChanger.cs: 8dce07ae06c538426f4b6b1521a89d9d -> 81390f2f2866331b60e8e7f732ed1031
  custom:scripting/monoscript/fileName/SelfRotation.cs: 7e246db65b3b22dac5677a97904cfe89 -> 
  custom:scripting/monoscript/fileName/CharacterStateBase.cs: a4ba57f9a2d3539ceb2ced57666756ac -> 
  custom:video-encoder-webm-vp8: eb34c28f22e8b96e1ab97ce403110664 -> 
  custom:audio-decoder-ogg-vorbis: bf7c407c2cedff20999df2af8eb42d56 -> 
  custom:scripting/monoscript/fileName/FreeLookCam.cs: ec7e447c8320099965c5f3bd81473d66 -> 
  custom:audio-encoder-webm-vorbis: bf7c407c2cedff20999df2af8eb42d56 -> 
  custom:scripting/monoscript/fileName/PlayerIdle.cs: b24acd4ccb5af2a3fb48ca79787315d7 -> 
  custom:scripting/monoscript/fileName/KeyboardInput.cs: 31b704f64193ac2ac27029ec86d2828a -> fa29d73f067296a3b0d254469704d409
  custom:scripting/monoscript/fileName/StateData.cs: f28d52e0a3b9e5f58aa5b7522e14ca67 -> 3e45d22f7cc0ffbf831c0184ec5cf59d
  custom:scripting/monoscript/fileName/CharacterController.cs: bf100989c5de46a8744b03912941ee5e -> 
========================================================================
Received Prepare
Begin MonoManager ReloadAssembly
- Loaded All Assemblies, in  0.387 seconds
Refreshing native plugins compatible for Editor in 2.03 ms, found 3 plugins.
Native extension for WindowsStandalone target not found
[Package Manager] Server::EnsureServerProcessIsRunning -- launch failed, reason: Unity was launched with the -noUpm command-line argument
[Package Manager] UpmClient::Send -- Unable to send message (not connected to UPM process).
[Package Manager] Cannot connect to Unity Package Manager local server
Mono: successfully reloaded assembly
- Finished resetting the current domain, in  0.767 seconds
Domain Reload Profiling: 1151ms
	BeginReloadAssembly (146ms)
		ExecutionOrderSort (0ms)
		DisableScriptedObjects (4ms)
		BackupInstance (0ms)
		ReleaseScriptingObjects (0ms)
		CreateAndSetChildDomain (42ms)
	RebuildCommonClasses (23ms)
	RebuildNativeTypeToScriptingClass (8ms)
	initialDomainReloadingComplete (24ms)
	LoadAllAssembliesAndSetupDomain (183ms)
		LoadAssemblies (240ms)
		RebuildTransferFunctionScriptingTraits (0ms)
		AnalyzeDomain (10ms)
			TypeCache.Refresh (5ms)
				TypeCache.ScanAssembly (0ms)
			ScanForSourceGeneratedMonoScriptInfo (0ms)
			ResolveRequiredComponents (4ms)
	FinalizeReload (767ms)
		ReleaseScriptCaches (0ms)
		RebuildScriptCaches (0ms)
		SetupLoadedEditorAssemblies (483ms)
			LogAssemblyErrors (0ms)
			InitializePlatformSupportModulesInManaged (5ms)
			SetLoadedEditorAssemblies (3ms)
			RefreshPlugins (0ms)
			BeforeProcessingInitializeOnLoad (68ms)
			ProcessInitializeOnLoadAttributes (384ms)
			ProcessInitializeOnLoadMethodAttributes (16ms)
			AfterProcessingInitializeOnLoad (7ms)
			EditorAssembliesLoaded (0ms)
		ExecutionOrderSort2 (0ms)
		AwakeInstancesAfterBackupRestoration (5ms)
Refreshing native plugins compatible for Editor in 1.92 ms, found 3 plugins.
Preloading 0 native plugins for Editor in 0.00 ms.
Unloading 3087 Unused Serialized files (Serialized files now loaded: 0)
Unloading 23 unused Assets / (31.0 KB). Loaded Objects now: 3591.
Memory consumption went from 143.0 MB to 143.0 MB.
Total: 2.411300 ms (FindLiveObjects: 0.214800 ms CreateObjectMapping: 0.071800 ms MarkObjects: 2.081000 ms  DeleteObjects: 0.042500 ms)

Prepare: number of updated asset objects reloaded= 0
AssetImportParameters requested are different than current active one (requested -> active):
  custom:container-demuxer-ogg: 62fdf1f143b41e24485cea50d1cbac27 -> 
  custom:scripting/monoscript/fileName/MoveRight.cs: f6e84071088b0417953b0958a7effa33 -> d8e60f623442fa6de6337525afae0ca1
  custom:video-decoder-ogg-theora: a1e56fd34408186e4bbccfd4996cb3dc -> 
  custom:framework-win-MediaFoundation: 216162199b28c13a410421893ffa2e32 -> 
  custom:scripting/monoscript/fileName/VirtualInputManager.cs: c4a6378bfd2699e7bc6bf21bb0f8eae3 -> af23d530dfa650788403bf9b049414cc
  custom:scripting/monoscript/fileName/CharacterState.cs: 5dc8a39be057b3328dc4efcdf4b5a7b0 -> e81703a4faa26deb5e25162e998069ad
  custom:CustomObjectIndexerAttribute: 756ad292c208cfabdd7b50bc23989ffe -> 
  custom:container-demuxer-webm: 4f35f7cbe854078d1ac9338744f61a02 -> 
  custom:scripting/monoscript/fileName/CharacterControl.cs: d7a2715e04009e7c7ce0a0fd97b294e3 -> e8edf15d00bc51525ca2672995906167
  custom:scripting/monoscript/fileName/AbstractTargetFollower.cs: bd8be3102d90dc7625e90c699b9ce143 -> 
  custom:scripting/monoscript/fileName/Idle.cs: af94afd1a1ec0acff722743efcdd7325 -> 4b56e492a1e7729cd14a71d594c51707
  custom:scripting/monoscript/fileName/PivotBasedCameraRig.cs: 78e2e6573322fcc55af450266306de6e -> 
  custom:scripting/monoscript/fileName/PlayerWalk.cs: b9cc9630b9810c0c2d0f53621f67c56c -> 
  custom:scripting/monoscript/fileName/Singleton.cs: f32b12f6c214325c9f62f222fc232e32 -> 8f6297df34271fdb1ce2d9607ec6261d
  custom:container-muxer-webm: aa71ff27fc2769a1b78a27578f13a17b -> 
  custom:video-decoder-webm-vp8: 9c59270c3fd7afecdb556c50c9e8de78 -> 
  custom:SearchIndexIgnoredProperties: e643bd26f0fe6173181afceb89e7c659 -> 
  custom:AudioImporter_EditorPlatform: d09bf68614088b80899f8185d706f6e7 -> 
  custom:scripting/monoscript/fileName/MaterialChanger.cs: 8dce07ae06c538426f4b6b1521a89d9d -> 81390f2f2866331b60e8e7f732ed1031
  custom:scripting/monoscript/fileName/SelfRotation.cs: 7e246db65b3b22dac5677a97904cfe89 -> 
  custom:scripting/monoscript/fileName/CharacterStateBase.cs: a4ba57f9a2d3539ceb2ced57666756ac -> 
  custom:video-encoder-webm-vp8: eb34c28f22e8b96e1ab97ce403110664 -> 
  custom:audio-decoder-ogg-vorbis: bf7c407c2cedff20999df2af8eb42d56 -> 
  custom:scripting/monoscript/fileName/FreeLookCam.cs: ec7e447c8320099965c5f3bd81473d66 -> 
  custom:audio-encoder-webm-vorbis: bf7c407c2cedff20999df2af8eb42d56 -> 
  custom:scripting/monoscript/fileName/PlayerIdle.cs: b24acd4ccb5af2a3fb48ca79787315d7 -> 
  custom:scripting/monoscript/fileName/KeyboardInput.cs: 31b704f64193ac2ac27029ec86d2828a -> fa29d73f067296a3b0d254469704d409
  custom:scripting/monoscript/fileName/StateData.cs: f28d52e0a3b9e5f58aa5b7522e14ca67 -> 3e45d22f7cc0ffbf831c0184ec5cf59d
  custom:scripting/monoscript/fileName/CharacterController.cs: bf100989c5de46a8744b03912941ee5e -> 
========================================================================
Received Prepare
Begin MonoManager ReloadAssembly
- Loaded All Assemblies, in  0.374 seconds
Refreshing native plugins compatible for Editor in 1.89 ms, found 3 plugins.
Native extension for WindowsStandalone target not found
[Package Manager] Server::EnsureServerProcessIsRunning -- launch failed, reason: Unity was launched with the -noUpm command-line argument
[Package Manager] UpmClient::Send -- Unable to send message (not connected to UPM process).
[Package Manager] Cannot connect to Unity Package Manager local server
Mono: successfully reloaded assembly
- Finished resetting the current domain, in  0.781 seconds
Domain Reload Profiling: 1153ms
	BeginReloadAssembly (128ms)
		ExecutionOrderSort (0ms)
		DisableScriptedObjects (4ms)
		BackupInstance (0ms)
		ReleaseScriptingObjects (0ms)
		CreateAndSetChildDomain (27ms)
	RebuildCommonClasses (24ms)
	RebuildNativeTypeToScriptingClass (8ms)
	initialDomainReloadingComplete (25ms)
	LoadAllAssembliesAndSetupDomain (186ms)
		LoadAssemblies (246ms)
		RebuildTransferFunctionScriptingTraits (0ms)
		AnalyzeDomain (10ms)
			TypeCache.Refresh (5ms)
				TypeCache.ScanAssembly (0ms)
			ScanForSourceGeneratedMonoScriptInfo (0ms)
			ResolveRequiredComponents (3ms)
	FinalizeReload (782ms)
		ReleaseScriptCaches (0ms)
		RebuildScriptCaches (0ms)
		SetupLoadedEditorAssemblies (496ms)
			LogAssemblyErrors (0ms)
			InitializePlatformSupportModulesInManaged (5ms)
			SetLoadedEditorAssemblies (3ms)
			RefreshPlugins (0ms)
			BeforeProcessingInitializeOnLoad (66ms)
			ProcessInitializeOnLoadAttributes (399ms)
			ProcessInitializeOnLoadMethodAttributes (17ms)
			AfterProcessingInitializeOnLoad (7ms)
			EditorAssembliesLoaded (0ms)
		ExecutionOrderSort2 (0ms)
		AwakeInstancesAfterBackupRestoration (5ms)
Refreshing native plugins compatible for Editor in 1.92 ms, found 3 plugins.
Preloading 0 native plugins for Editor in 0.00 ms.
Unloading 3087 Unused Serialized files (Serialized files now loaded: 0)
Unloading 23 unused Assets / (31.0 KB). Loaded Objects now: 3594.
Memory consumption went from 145.0 MB to 144.9 MB.
Total: 2.491900 ms (FindLiveObjects: 0.188000 ms CreateObjectMapping: 0.073800 ms MarkObjects: 2.182500 ms  DeleteObjects: 0.046300 ms)

Prepare: number of updated asset objects reloaded= 0
AssetImportParameters requested are different than current active one (requested -> active):
  custom:container-demuxer-ogg: 62fdf1f143b41e24485cea50d1cbac27 -> 
  custom:scripting/monoscript/fileName/MoveRight.cs: f6e84071088b0417953b0958a7effa33 -> d8e60f623442fa6de6337525afae0ca1
  custom:video-decoder-ogg-theora: a1e56fd34408186e4bbccfd4996cb3dc -> 
  custom:framework-win-MediaFoundation: 216162199b28c13a410421893ffa2e32 -> 
  custom:scripting/monoscript/fileName/VirtualInputManager.cs: c4a6378bfd2699e7bc6bf21bb0f8eae3 -> af23d530dfa650788403bf9b049414cc
  custom:scripting/monoscript/fileName/CharacterState.cs: 5dc8a39be057b3328dc4efcdf4b5a7b0 -> e81703a4faa26deb5e25162e998069ad
  custom:CustomObjectIndexerAttribute: 756ad292c208cfabdd7b50bc23989ffe -> 
  custom:container-demuxer-webm: 4f35f7cbe854078d1ac9338744f61a02 -> 
  custom:scripting/monoscript/fileName/CharacterControl.cs: d7a2715e04009e7c7ce0a0fd97b294e3 -> e8edf15d00bc51525ca2672995906167
  custom:scripting/monoscript/fileName/AbstractTargetFollower.cs: bd8be3102d90dc7625e90c699b9ce143 -> 
  custom:scripting/monoscript/fileName/Idle.cs: af94afd1a1ec0acff722743efcdd7325 -> 4b56e492a1e7729cd14a71d594c51707
  custom:scripting/monoscript/fileName/PivotBasedCameraRig.cs: 78e2e6573322fcc55af450266306de6e -> 
  custom:scripting/monoscript/fileName/PlayerWalk.cs: b9cc9630b9810c0c2d0f53621f67c56c -> 
  custom:scripting/monoscript/fileName/Singleton.cs: f32b12f6c214325c9f62f222fc232e32 -> 8f6297df34271fdb1ce2d9607ec6261d
  custom:container-muxer-webm: aa71ff27fc2769a1b78a27578f13a17b -> 
  custom:video-decoder-webm-vp8: 9c59270c3fd7afecdb556c50c9e8de78 -> 
  custom:SearchIndexIgnoredProperties: e643bd26f0fe6173181afceb89e7c659 -> 
  custom:AudioImporter_EditorPlatform: d09bf68614088b80899f8185d706f6e7 -> 
  custom:scripting/monoscript/fileName/MaterialChanger.cs: 8dce07ae06c538426f4b6b1521a89d9d -> 81390f2f2866331b60e8e7f732ed1031
  custom:scripting/monoscript/fileName/SelfRotation.cs: 7e246db65b3b22dac5677a97904cfe89 -> 
  custom:scripting/monoscript/fileName/CharacterStateBase.cs: a4ba57f9a2d3539ceb2ced57666756ac -> 
  custom:video-encoder-webm-vp8: eb34c28f22e8b96e1ab97ce403110664 -> 
  custom:audio-decoder-ogg-vorbis: bf7c407c2cedff20999df2af8eb42d56 -> 
  custom:scripting/monoscript/fileName/FreeLookCam.cs: ec7e447c8320099965c5f3bd81473d66 -> 
  custom:audio-encoder-webm-vorbis: bf7c407c2cedff20999df2af8eb42d56 -> 
  custom:scripting/monoscript/fileName/PlayerIdle.cs: b24acd4ccb5af2a3fb48ca79787315d7 -> 
  custom:scripting/monoscript/fileName/KeyboardInput.cs: 31b704f64193ac2ac27029ec86d2828a -> fa29d73f067296a3b0d254469704d409
  custom:scripting/monoscript/fileName/StateData.cs: f28d52e0a3b9e5f58aa5b7522e14ca67 -> 3e45d22f7cc0ffbf831c0184ec5cf59d
  custom:scripting/monoscript/fileName/CharacterController.cs: bf100989c5de46a8744b03912941ee5e -> 
========================================================================
Received Prepare
Begin MonoManager ReloadAssembly
- Loaded All Assemblies, in  0.369 seconds
Refreshing native plugins compatible for Editor in 2.31 ms, found 3 plugins.
Native extension for WindowsStandalone target not found
[Package Manager] Server::EnsureServerProcessIsRunning -- launch failed, reason: Unity was launched with the -noUpm command-line argument
[Package Manager] UpmClient::Send -- Unable to send message (not connected to UPM process).
[Package Manager] Cannot connect to Unity Package Manager local server
Mono: successfully reloaded assembly
- Finished resetting the current domain, in  0.814 seconds
Domain Reload Profiling: 1180ms
	BeginReloadAssembly (128ms)
		ExecutionOrderSort (0ms)
		DisableScriptedObjects (4ms)
		BackupInstance (0ms)
		ReleaseScriptingObjects (0ms)
		CreateAndSetChildDomain (27ms)
	RebuildCommonClasses (27ms)
	RebuildNativeTypeToScriptingClass (8ms)
	initialDomainReloadingComplete (23ms)
	LoadAllAssembliesAndSetupDomain (179ms)
		LoadAssemblies (237ms)
		RebuildTransferFunctionScriptingTraits (0ms)
		AnalyzeDomain (11ms)
			TypeCache.Refresh (6ms)
				TypeCache.ScanAssembly (0ms)
			ScanForSourceGeneratedMonoScriptInfo (0ms)
			ResolveRequiredComponents (3ms)
	FinalizeReload (815ms)
		ReleaseScriptCaches (0ms)
		RebuildScriptCaches (0ms)
		SetupLoadedEditorAssemblies (508ms)
			LogAssemblyErrors (0ms)
			InitializePlatformSupportModulesInManaged (5ms)
			SetLoadedEditorAssemblies (3ms)
			RefreshPlugins (0ms)
			BeforeProcessingInitializeOnLoad (78ms)
			ProcessInitializeOnLoadAttributes (399ms)
			ProcessInitializeOnLoadMethodAttributes (16ms)
			AfterProcessingInitializeOnLoad (8ms)
			EditorAssembliesLoaded (0ms)
		ExecutionOrderSort2 (0ms)
		AwakeInstancesAfterBackupRestoration (6ms)
Refreshing native plugins compatible for Editor in 2.29 ms, found 3 plugins.
Preloading 0 native plugins for Editor in 0.00 ms.
Unloading 3087 Unused Serialized files (Serialized files now loaded: 0)
Unloading 23 unused Assets / (31.0 KB). Loaded Objects now: 3597.
Memory consumption went from 146.9 MB to 146.9 MB.
Total: 2.400500 ms (FindLiveObjects: 0.164600 ms CreateObjectMapping: 0.055600 ms MarkObjects: 2.141700 ms  DeleteObjects: 0.037500 ms)

Prepare: number of updated asset objects reloaded= 0
AssetImportParameters requested are different than current active one (requested -> active):
  custom:container-demuxer-ogg: 62fdf1f143b41e24485cea50d1cbac27 -> 
  custom:scripting/monoscript/fileName/MoveRight.cs: f6e84071088b0417953b0958a7effa33 -> d8e60f623442fa6de6337525afae0ca1
  custom:video-decoder-ogg-theora: a1e56fd34408186e4bbccfd4996cb3dc -> 
  custom:framework-win-MediaFoundation: 216162199b28c13a410421893ffa2e32 -> 
  custom:scripting/monoscript/fileName/VirtualInputManager.cs: c4a6378bfd2699e7bc6bf21bb0f8eae3 -> af23d530dfa650788403bf9b049414cc
  custom:scripting/monoscript/fileName/CharacterState.cs: 5dc8a39be057b3328dc4efcdf4b5a7b0 -> e81703a4faa26deb5e25162e998069ad
  custom:CustomObjectIndexerAttribute: 756ad292c208cfabdd7b50bc23989ffe -> 
  custom:container-demuxer-webm: 4f35f7cbe854078d1ac9338744f61a02 -> 
  custom:scripting/monoscript/fileName/CharacterControl.cs: d7a2715e04009e7c7ce0a0fd97b294e3 -> e8edf15d00bc51525ca2672995906167
  custom:scripting/monoscript/fileName/AbstractTargetFollower.cs: bd8be3102d90dc7625e90c699b9ce143 -> 
  custom:scripting/monoscript/fileName/Idle.cs: af94afd1a1ec0acff722743efcdd7325 -> 4b56e492a1e7729cd14a71d594c51707
  custom:scripting/monoscript/fileName/PivotBasedCameraRig.cs: 78e2e6573322fcc55af450266306de6e -> 
  custom:scripting/monoscript/fileName/PlayerWalk.cs: b9cc9630b9810c0c2d0f53621f67c56c -> 
  custom:scripting/monoscript/fileName/Singleton.cs: f32b12f6c214325c9f62f222fc232e32 -> 8f6297df34271fdb1ce2d9607ec6261d
  custom:container-muxer-webm: aa71ff27fc2769a1b78a27578f13a17b -> 
  custom:video-decoder-webm-vp8: 9c59270c3fd7afecdb556c50c9e8de78 -> 
  custom:SearchIndexIgnoredProperties: e643bd26f0fe6173181afceb89e7c659 -> 
  custom:AudioImporter_EditorPlatform: d09bf68614088b80899f8185d706f6e7 -> 
  custom:scripting/monoscript/fileName/MaterialChanger.cs: 8dce07ae06c538426f4b6b1521a89d9d -> 81390f2f2866331b60e8e7f732ed1031
  custom:scripting/monoscript/fileName/SelfRotation.cs: 7e246db65b3b22dac5677a97904cfe89 -> 
  custom:scripting/monoscript/fileName/CharacterStateBase.cs: a4ba57f9a2d3539ceb2ced57666756ac -> 
  custom:video-encoder-webm-vp8: eb34c28f22e8b96e1ab97ce403110664 -> 
  custom:audio-decoder-ogg-vorbis: bf7c407c2cedff20999df2af8eb42d56 -> 
  custom:scripting/monoscript/fileName/FreeLookCam.cs: ec7e447c8320099965c5f3bd81473d66 -> 
  custom:audio-encoder-webm-vorbis: bf7c407c2cedff20999df2af8eb42d56 -> 
  custom:scripting/monoscript/fileName/PlayerIdle.cs: b24acd4ccb5af2a3fb48ca79787315d7 -> 
  custom:scripting/monoscript/fileName/KeyboardInput.cs: 31b704f64193ac2ac27029ec86d2828a -> fa29d73f067296a3b0d254469704d409
  custom:scripting/monoscript/fileName/StateData.cs: f28d52e0a3b9e5f58aa5b7522e14ca67 -> 3e45d22f7cc0ffbf831c0184ec5cf59d
  custom:scripting/monoscript/fileName/CharacterController.cs: bf100989c5de46a8744b03912941ee5e -> 
========================================================================
Received Prepare
Begin MonoManager ReloadAssembly
- Loaded All Assemblies, in  0.376 seconds
Refreshing native plugins compatible for Editor in 2.13 ms, found 3 plugins.
Native extension for WindowsStandalone target not found
[Package Manager] Server::EnsureServerProcessIsRunning -- launch failed, reason: Unity was launched with the -noUpm command-line argument
[Package Manager] UpmClient::Send -- Unable to send message (not connected to UPM process).
[Package Manager] Cannot connect to Unity Package Manager local server
Mono: successfully reloaded assembly
- Finished resetting the current domain, in  0.801 seconds
Domain Reload Profiling: 1175ms
	BeginReloadAssembly (136ms)
		ExecutionOrderSort (0ms)
		DisableScriptedObjects (4ms)
		BackupInstance (0ms)
		ReleaseScriptingObjects (0ms)
		CreateAndSetChildDomain (28ms)
	RebuildCommonClasses (23ms)
	RebuildNativeTypeToScriptingClass (8ms)
	initialDomainReloadingComplete (24ms)
	LoadAllAssembliesAndSetupDomain (182ms)
		LoadAssemblies (246ms)
		RebuildTransferFunctionScriptingTraits (0ms)
		AnalyzeDomain (10ms)
			TypeCache.Refresh (5ms)
				TypeCache.ScanAssembly (0ms)
			ScanForSourceGeneratedMonoScriptInfo (0ms)
			ResolveRequiredComponents (3ms)
	FinalizeReload (802ms)
		ReleaseScriptCaches (0ms)
		RebuildScriptCaches (0ms)
		SetupLoadedEditorAssemblies (491ms)
			LogAssemblyErrors (0ms)
			InitializePlatformSupportModulesInManaged (5ms)
			SetLoadedEditorAssemblies (3ms)
			RefreshPlugins (0ms)
			BeforeProcessingInitializeOnLoad (67ms)
			ProcessInitializeOnLoadAttributes (393ms)
			ProcessInitializeOnLoadMethodAttributes (16ms)
			AfterProcessingInitializeOnLoad (7ms)
			EditorAssembliesLoaded (0ms)
		ExecutionOrderSort2 (0ms)
		AwakeInstancesAfterBackupRestoration (5ms)
Refreshing native plugins compatible for Editor in 2.25 ms, found 3 plugins.
Preloading 0 native plugins for Editor in 0.00 ms.
Unloading 3087 Unused Serialized files (Serialized files now loaded: 0)
Unloading 23 unused Assets / (31.0 KB). Loaded Objects now: 3600.
Memory consumption went from 148.8 MB to 148.8 MB.
Total: 2.435100 ms (FindLiveObjects: 0.196700 ms CreateObjectMapping: 0.079500 ms MarkObjects: 2.119900 ms  DeleteObjects: 0.038100 ms)

Prepare: number of updated asset objects reloaded= 0
AssetImportParameters requested are different than current active one (requested -> active):
  custom:container-demuxer-ogg: 62fdf1f143b41e24485cea50d1cbac27 -> 
  custom:scripting/monoscript/fileName/MoveRight.cs: f6e84071088b0417953b0958a7effa33 -> d8e60f623442fa6de6337525afae0ca1
  custom:video-decoder-ogg-theora: a1e56fd34408186e4bbccfd4996cb3dc -> 
  custom:framework-win-MediaFoundation: 216162199b28c13a410421893ffa2e32 -> 
  custom:scripting/monoscript/fileName/VirtualInputManager.cs: c4a6378bfd2699e7bc6bf21bb0f8eae3 -> af23d530dfa650788403bf9b049414cc
  custom:scripting/monoscript/fileName/CharacterState.cs: 5dc8a39be057b3328dc4efcdf4b5a7b0 -> e81703a4faa26deb5e25162e998069ad
  custom:CustomObjectIndexerAttribute: 756ad292c208cfabdd7b50bc23989ffe -> 
  custom:container-demuxer-webm: 4f35f7cbe854078d1ac9338744f61a02 -> 
  custom:scripting/monoscript/fileName/CharacterControl.cs: d7a2715e04009e7c7ce0a0fd97b294e3 -> e8edf15d00bc51525ca2672995906167
  custom:scripting/monoscript/fileName/AbstractTargetFollower.cs: bd8be3102d90dc7625e90c699b9ce143 -> 
  custom:scripting/monoscript/fileName/Idle.cs: af94afd1a1ec0acff722743efcdd7325 -> 4b56e492a1e7729cd14a71d594c51707
  custom:scripting/monoscript/fileName/PivotBasedCameraRig.cs: 78e2e6573322fcc55af450266306de6e -> 
  custom:scripting/monoscript/fileName/PlayerWalk.cs: b9cc9630b9810c0c2d0f53621f67c56c -> 
  custom:scripting/monoscript/fileName/Singleton.cs: f32b12f6c214325c9f62f222fc232e32 -> 8f6297df34271fdb1ce2d9607ec6261d
  custom:container-muxer-webm: aa71ff27fc2769a1b78a27578f13a17b -> 
  custom:video-decoder-webm-vp8: 9c59270c3fd7afecdb556c50c9e8de78 -> 
  custom:SearchIndexIgnoredProperties: e643bd26f0fe6173181afceb89e7c659 -> 
  custom:AudioImporter_EditorPlatform: d09bf68614088b80899f8185d706f6e7 -> 
  custom:scripting/monoscript/fileName/MaterialChanger.cs: 8dce07ae06c538426f4b6b1521a89d9d -> 81390f2f2866331b60e8e7f732ed1031
  custom:scripting/monoscript/fileName/SelfRotation.cs: 7e246db65b3b22dac5677a97904cfe89 -> 
  custom:scripting/monoscript/fileName/CharacterStateBase.cs: a4ba57f9a2d3539ceb2ced57666756ac -> 
  custom:video-encoder-webm-vp8: eb34c28f22e8b96e1ab97ce403110664 -> 
  custom:audio-decoder-ogg-vorbis: bf7c407c2cedff20999df2af8eb42d56 -> 
  custom:scripting/monoscript/fileName/FreeLookCam.cs: ec7e447c8320099965c5f3bd81473d66 -> 
  custom:audio-encoder-webm-vorbis: bf7c407c2cedff20999df2af8eb42d56 -> 
  custom:scripting/monoscript/fileName/PlayerIdle.cs: b24acd4ccb5af2a3fb48ca79787315d7 -> 
  custom:scripting/monoscript/fileName/KeyboardInput.cs: 31b704f64193ac2ac27029ec86d2828a -> fa29d73f067296a3b0d254469704d409
  custom:scripting/monoscript/fileName/StateData.cs: f28d52e0a3b9e5f58aa5b7522e14ca67 -> 3e45d22f7cc0ffbf831c0184ec5cf59d
  custom:scripting/monoscript/fileName/CharacterController.cs: bf100989c5de46a8744b03912941ee5e -> 
========================================================================
Received Prepare
Begin MonoManager ReloadAssembly
- Loaded All Assemblies, in  0.362 seconds
Refreshing native plugins compatible for Editor in 2.38 ms, found 3 plugins.
Native extension for WindowsStandalone target not found
[Package Manager] Server::EnsureServerProcessIsRunning -- launch failed, reason: Unity was launched with the -noUpm command-line argument
[Package Manager] UpmClient::Send -- Unable to send message (not connected to UPM process).
[Package Manager] Cannot connect to Unity Package Manager local server
Mono: successfully reloaded assembly
- Finished resetting the current domain, in  0.793 seconds
Domain Reload Profiling: 1152ms
	BeginReloadAssembly (124ms)
		ExecutionOrderSort (0ms)
		DisableScriptedObjects (4ms)
		BackupInstance (0ms)
		ReleaseScriptingObjects (0ms)
		CreateAndSetChildDomain (27ms)
	RebuildCommonClasses (23ms)
	RebuildNativeTypeToScriptingClass (8ms)
	initialDomainReloadingComplete (31ms)
	LoadAllAssembliesAndSetupDomain (173ms)
		LoadAssemblies (228ms)
		RebuildTransferFunctionScriptingTraits (0ms)
		AnalyzeDomain (11ms)
			TypeCache.Refresh (6ms)
				TypeCache.ScanAssembly (0ms)
			ScanForSourceGeneratedMonoScriptInfo (0ms)
			ResolveRequiredComponents (3ms)
	FinalizeReload (793ms)
		ReleaseScriptCaches (0ms)
		RebuildScriptCaches (0ms)
		SetupLoadedEditorAssemblies (501ms)
			LogAssemblyErrors (0ms)
			InitializePlatformSupportModulesInManaged (5ms)
			SetLoadedEditorAssemblies (4ms)
			RefreshPlugins (0ms)
			BeforeProcessingInitializeOnLoad (71ms)
			ProcessInitializeOnLoadAttributes (393ms)
			ProcessInitializeOnLoadMethodAttributes (19ms)
			AfterProcessingInitializeOnLoad (9ms)
			EditorAssembliesLoaded (0ms)
		ExecutionOrderSort2 (0ms)
		AwakeInstancesAfterBackupRestoration (6ms)
Refreshing native plugins compatible for Editor in 2.27 ms, found 3 plugins.
Preloading 0 native plugins for Editor in 0.00 ms.
Unloading 3087 Unused Serialized files (Serialized files now loaded: 0)
Unloading 23 unused Assets / (31.0 KB). Loaded Objects now: 3603.
Memory consumption went from 150.7 MB to 150.7 MB.
Total: 2.279700 ms (FindLiveObjects: 0.172500 ms CreateObjectMapping: 0.063000 ms MarkObjects: 2.004700 ms  DeleteObjects: 0.038500 ms)

Prepare: number of updated asset objects reloaded= 0
AssetImportParameters requested are different than current active one (requested -> active):
  custom:container-demuxer-ogg: 62fdf1f143b41e24485cea50d1cbac27 -> 
  custom:scripting/monoscript/fileName/MoveRight.cs: f6e84071088b0417953b0958a7effa33 -> d8e60f623442fa6de6337525afae0ca1
  custom:video-decoder-ogg-theora: a1e56fd34408186e4bbccfd4996cb3dc -> 
  custom:framework-win-MediaFoundation: 216162199b28c13a410421893ffa2e32 -> 
  custom:scripting/monoscript/fileName/VirtualInputManager.cs: c4a6378bfd2699e7bc6bf21bb0f8eae3 -> af23d530dfa650788403bf9b049414cc
  custom:scripting/monoscript/fileName/CharacterState.cs: 5dc8a39be057b3328dc4efcdf4b5a7b0 -> e81703a4faa26deb5e25162e998069ad
  custom:CustomObjectIndexerAttribute: 756ad292c208cfabdd7b50bc23989ffe -> 
  custom:container-demuxer-webm: 4f35f7cbe854078d1ac9338744f61a02 -> 
  custom:scripting/monoscript/fileName/CharacterControl.cs: d7a2715e04009e7c7ce0a0fd97b294e3 -> e8edf15d00bc51525ca2672995906167
  custom:scripting/monoscript/fileName/AbstractTargetFollower.cs: bd8be3102d90dc7625e90c699b9ce143 -> 
  custom:scripting/monoscript/fileName/Idle.cs: af94afd1a1ec0acff722743efcdd7325 -> 4b56e492a1e7729cd14a71d594c51707
  custom:scripting/monoscript/fileName/PivotBasedCameraRig.cs: 78e2e6573322fcc55af450266306de6e -> 
  custom:scripting/monoscript/fileName/PlayerWalk.cs: b9cc9630b9810c0c2d0f53621f67c56c -> 
  custom:scripting/monoscript/fileName/Singleton.cs: f32b12f6c214325c9f62f222fc232e32 -> 8f6297df34271fdb1ce2d9607ec6261d
  custom:container-muxer-webm: aa71ff27fc2769a1b78a27578f13a17b -> 
  custom:video-decoder-webm-vp8: 9c59270c3fd7afecdb556c50c9e8de78 -> 
  custom:SearchIndexIgnoredProperties: e643bd26f0fe6173181afceb89e7c659 -> 
  custom:AudioImporter_EditorPlatform: d09bf68614088b80899f8185d706f6e7 -> 
  custom:scripting/monoscript/fileName/MaterialChanger.cs: 8dce07ae06c538426f4b6b1521a89d9d -> 81390f2f2866331b60e8e7f732ed1031
  custom:scripting/monoscript/fileName/SelfRotation.cs: 7e246db65b3b22dac5677a97904cfe89 -> 
  custom:scripting/monoscript/fileName/CharacterStateBase.cs: a4ba57f9a2d3539ceb2ced57666756ac -> 
  custom:video-encoder-webm-vp8: eb34c28f22e8b96e1ab97ce403110664 -> 
  custom:audio-decoder-ogg-vorbis: bf7c407c2cedff20999df2af8eb42d56 -> 
  custom:scripting/monoscript/fileName/FreeLookCam.cs: ec7e447c8320099965c5f3bd81473d66 -> 
  custom:audio-encoder-webm-vorbis: bf7c407c2cedff20999df2af8eb42d56 -> 
  custom:scripting/monoscript/fileName/PlayerIdle.cs: b24acd4ccb5af2a3fb48ca79787315d7 -> 
  custom:scripting/monoscript/fileName/KeyboardInput.cs: 31b704f64193ac2ac27029ec86d2828a -> fa29d73f067296a3b0d254469704d409
  custom:scripting/monoscript/fileName/StateData.cs: f28d52e0a3b9e5f58aa5b7522e14ca67 -> 3e45d22f7cc0ffbf831c0184ec5cf59d
  custom:scripting/monoscript/fileName/CharacterController.cs: bf100989c5de46a8744b03912941ee5e -> 
